This is XeTeX, Version 3.141592653-2.6-0.999993 (TeX Live 2021/W32TeX) (preloaded format=xelatex 2022.4.3)  28 MAY 2023 11:00
entering extended mode
 \write18 enabled.
 %&-line parsing enabled.
**main.tex
(./main.tex
LaTeX2e <2021-11-15> patch level 1
L3 programming layer <2022-02-24>
(c:/texlive/2021/texmf-dist/tex/latex/base/article.cls
Document Class: article 2021/10/04 v1.4n Standard LaTeX document class
(c:/texlive/2021/texmf-dist/tex/latex/base/size10.clo
File: size10.clo 2021/10/04 v1.4n Standard LaTeX file (size option)
)
\c@part=\count181
\c@section=\count182
\c@subsection=\count183
\c@subsubsection=\count184
\c@paragraph=\count185
\c@subparagraph=\count186
\c@figure=\count187
\c@table=\count188
\abovecaptionskip=\skip47
\belowcaptionskip=\skip48
\bibindent=\dimen138
)
(c:/texlive/2021/texmf-dist/tex/latex/graphics/graphicx.sty
Package: graphicx 2021/09/16 v1.2d Enhanced LaTeX Graphics (DPC,SPQR)

(c:/texlive/2021/texmf-dist/tex/latex/graphics/keyval.sty
Package: keyval 2014/10/28 v1.15 key=value parser (DPC)
\KV@toks@=\toks16
)
(c:/texlive/2021/texmf-dist/tex/latex/graphics/graphics.sty
Package: graphics 2021/03/04 v1.4d Standard LaTeX Graphics (DPC,SPQR)

(c:/texlive/2021/texmf-dist/tex/latex/graphics/trig.sty
Package: trig 2021/08/11 v1.11 sin cos tan (DPC)
)
(c:/texlive/2021/texmf-dist/tex/latex/graphics-cfg/graphics.cfg
File: graphics.cfg 2016/06/04 v1.11 sample graphics configuration
)
Package graphics Info: Driver file: xetex.def on input line 107.

(c:/texlive/2021/texmf-dist/tex/latex/graphics-def/xetex.def
File: xetex.def 2021/03/18 v5.0k Graphics/color driver for xetex
))
\Gin@req@height=\dimen139
\Gin@req@width=\dimen140
)
(c:/texlive/2021/texmf-dist/tex/latex/amsfonts/amssymb.sty
Package: amssymb 2013/01/14 v3.01 AMS font symbols

(c:/texlive/2021/texmf-dist/tex/latex/amsfonts/amsfonts.sty
Package: amsfonts 2013/01/14 v3.01 Basic AMSFonts support
\@emptytoks=\toks17
\symAMSa=\mathgroup4
\symAMSb=\mathgroup5
LaTeX Font Info:    Redeclaring math symbol \hbar on input line 98.
LaTeX Font Info:    Overwriting math alphabet `\mathfrak' in version `bold'
(Font)                  U/euf/m/n --> U/euf/b/n on input line 106.
))
(c:/texlive/2021/texmf-dist/tex/latex/amsmath/amsmath.sty
Package: amsmath 2021/10/15 v2.17l AMS math features
\@mathmargin=\skip49

For additional information on amsmath, use the `?' option.
(c:/texlive/2021/texmf-dist/tex/latex/amsmath/amstext.sty
Package: amstext 2021/08/26 v2.01 AMS text

(c:/texlive/2021/texmf-dist/tex/latex/amsmath/amsgen.sty
File: amsgen.sty 1999/11/30 v2.0 generic functions
\@emptytoks=\toks18
\ex@=\dimen141
))
(c:/texlive/2021/texmf-dist/tex/latex/amsmath/amsbsy.sty
Package: amsbsy 1999/11/29 v1.2d Bold Symbols
\pmbraise@=\dimen142
)
(c:/texlive/2021/texmf-dist/tex/latex/amsmath/amsopn.sty
Package: amsopn 2021/08/26 v2.02 operator names
)
\inf@bad=\count189
LaTeX Info: Redefining \frac on input line 234.
\uproot@=\count190
\leftroot@=\count191
LaTeX Info: Redefining \overline on input line 399.
\classnum@=\count192
\DOTSCASE@=\count193
LaTeX Info: Redefining \ldots on input line 496.
LaTeX Info: Redefining \dots on input line 499.
LaTeX Info: Redefining \cdots on input line 620.
\Mathstrutbox@=\box50
\strutbox@=\box51
\big@size=\dimen143
LaTeX Font Info:    Redeclaring font encoding OML on input line 743.
LaTeX Font Info:    Redeclaring font encoding OMS on input line 744.
\macc@depth=\count194
\c@MaxMatrixCols=\count195
\dotsspace@=\muskip16
\c@parentequation=\count196
\dspbrk@lvl=\count197
\tag@help=\toks19
\row@=\count198
\column@=\count199
\maxfields@=\count266
\andhelp@=\toks20
\eqnshift@=\dimen144
\alignsep@=\dimen145
\tagshift@=\dimen146
\tagwidth@=\dimen147
\totwidth@=\dimen148
\lineht@=\dimen149
\@envbody=\toks21
\multlinegap=\skip50
\multlinetaggap=\skip51
\mathdisplay@stack=\toks22
LaTeX Info: Redefining \[ on input line 2938.
LaTeX Info: Redefining \] on input line 2939.
)
(c:/texlive/2021/texmf-dist/tex/latex/base/textcomp.sty
Package: textcomp 2020/02/02 v2.0n Standard LaTeX package
)
(c:/texlive/2021/texmf-dist/tex/latex/booktabs/booktabs.sty
Package: booktabs 2020/01/12 v1.61803398 Publication quality tables
\heavyrulewidth=\dimen150
\lightrulewidth=\dimen151
\cmidrulewidth=\dimen152
\belowrulesep=\dimen153
\belowbottomsep=\dimen154
\aboverulesep=\dimen155
\abovetopsep=\dimen156
\cmidrulesep=\dimen157
\cmidrulekern=\dimen158
\defaultaddspace=\dimen159
\@cmidla=\count267
\@cmidlb=\count268
\@aboverulesep=\dimen160
\@belowrulesep=\dimen161
\@thisruleclass=\count269
\@lastruleclass=\count270
\@thisrulewidth=\dimen162
)
(c:/texlive/2021/texmf-dist/tex/latex/newtx/newtxmath.sty
Package: newtxmath 2022/01/16 v1.71

`newtxmath' v1.71, 2022/01/16 Math macros based originally on txfonts (msharpe)
(c:/texlive/2021/texmf-dist/tex/latex/base/ifthen.sty
Package: ifthen 2020/11/24 v1.1c Standard LaTeX ifthen package (DPC)
)
(c:/texlive/2021/texmf-dist/tex/latex/etoolbox/etoolbox.sty
Package: etoolbox 2020/10/05 v2.5k e-TeX tools for LaTeX (JAW)
\etb@tempcnta=\count271
)
(c:/texlive/2021/texmf-dist/tex/generic/iftex/ifxetex.sty
Package: ifxetex 2019/10/25 v0.7 ifxetex legacy package. Use iftex instead.

(c:/texlive/2021/texmf-dist/tex/generic/iftex/iftex.sty
Package: iftex 2022/02/03 v1.0f TeX engine tests
))
(c:/texlive/2021/texmf-dist/tex/generic/iftex/ifluatex.sty
Package: ifluatex 2019/10/25 v1.5 ifluatex legacy package. Use iftex instead.
)
(c:/texlive/2021/texmf-dist/tex/latex/xkeyval/xkeyval.sty
Package: xkeyval 2020/11/20 v2.8 package option processing (HA)

(c:/texlive/2021/texmf-dist/tex/generic/xkeyval/xkeyval.tex
(c:/texlive/2021/texmf-dist/tex/generic/xkeyval/xkvutils.tex
\XKV@toks=\toks23
\XKV@tempa@toks=\toks24
)
\XKV@depth=\count272
File: xkeyval.tex 2014/12/03 v2.7a key=value parser (HA)
))
(c:/texlive/2021/texmf-dist/tex/latex/oberdiek/centernot.sty
Package: centernot 2016/05/16 v1.4 Centers the not symbol horizontally (HO)
)
\tx@cntz=\count273

(c:/texlive/2021/texmf-dist/tex/generic/kastrup/binhex.tex)
\tx@Isdigit=\count274
\tx@IsAlNum=\count275
\tx@tA=\toks25
\tx@tB=\toks26
\tx@su=\read2

amsthm NOT loaded
LaTeX Font Info:    Redeclaring symbol font `operators' on input line 376.
LaTeX Font Info:    Overwriting symbol font `operators' in version `normal'
(Font)                  OT1/cmr/m/n --> OT1/minlibertine/m/n on input line 376.

LaTeX Font Info:    Overwriting symbol font `operators' in version `bold'
(Font)                  OT1/cmr/bx/n --> OT1/minlibertine/m/n on input line 376
.
LaTeX Font Info:    Overwriting symbol font `operators' in version `bold'
(Font)                  OT1/minlibertine/m/n --> OT1/minlibertine/b/n on input 
line 377.
LaTeX Font Info:    Redeclaring math alphabet \mathsf on input line 383.
LaTeX Font Info:    Overwriting math alphabet `\mathsf' in version `normal'
(Font)                  OT1/cmss/m/n --> TU/lmss/m/n on input line 383.
LaTeX Font Info:    Overwriting math alphabet `\mathsf' in version `bold'
(Font)                  OT1/cmss/bx/n --> TU/lmss/m/n on input line 383.
LaTeX Font Info:    Redeclaring math alphabet \mathit on input line 384.
LaTeX Font Info:    Overwriting math alphabet `\mathit' in version `normal'
(Font)                  OT1/cmr/m/it --> OT1/minlibertine/m/it on input line 38
4.
LaTeX Font Info:    Overwriting math alphabet `\mathit' in version `bold'
(Font)                  OT1/cmr/bx/it --> OT1/minlibertine/m/it on input line 3
84.
LaTeX Font Info:    Redeclaring math alphabet \mathtt on input line 385.
LaTeX Font Info:    Overwriting math alphabet `\mathtt' in version `normal'
(Font)                  OT1/cmtt/m/n --> TU/lmtt/m/n on input line 385.
LaTeX Font Info:    Overwriting math alphabet `\mathtt' in version `bold'
(Font)                  OT1/cmtt/m/n --> TU/lmtt/m/n on input line 385.
LaTeX Font Info:    Redeclaring math alphabet \mathbf on input line 387.
LaTeX Font Info:    Overwriting math alphabet `\mathbf' in version `normal'
(Font)                  OT1/cmr/bx/n --> OT1/minlibertine/b/n on input line 387
.
LaTeX Font Info:    Overwriting math alphabet `\mathbf' in version `bold'
(Font)                  OT1/cmr/bx/n --> OT1/minlibertine/b/n on input line 387
.
LaTeX Font Info:    Overwriting math alphabet `\mathit' in version `bold'
(Font)                  OT1/minlibertine/m/it --> OT1/minlibertine/b/it on inpu
t line 388.
LaTeX Font Info:    Overwriting math alphabet `\mathsf' in version `bold'
(Font)                  TU/lmss/m/n --> TU/lmss/b/n on input line 389.
LaTeX Font Info:    Overwriting math alphabet `\mathtt' in version `bold'
(Font)                  TU/lmtt/m/n --> TU/lmtt/b/n on input line 390.
LaTeX Font Info:    Redeclaring symbol font `letters' on input line 407.
LaTeX Font Info:    Overwriting symbol font `letters' in version `normal'
(Font)                  OML/cmm/m/it --> OML/nxlmi/m/it on input line 407.
LaTeX Font Info:    Overwriting symbol font `letters' in version `bold'
(Font)                  OML/cmm/b/it --> OML/nxlmi/m/it on input line 407.
LaTeX Font Info:    Overwriting symbol font `letters' in version `bold'
(Font)                  OML/nxlmi/m/it --> OML/nxlmi/b/it on input line 408.
\symlettersA=\mathgroup6
LaTeX Font Info:    Overwriting symbol font `lettersA' in version `bold'
(Font)                  U/ntxmia/m/it --> U/ntxmia/b/it on input line 547.
LaTeX Font Info:    Redeclaring math alphabet \mathfrak on input line 549.
LaTeX Font Info:    Redeclaring symbol font `symbols' on input line 568.
LaTeX Font Info:    Encoding `OMS' has changed to `LMS' for symbol font
(Font)              `symbols' in the math version `normal' on input line 568.
LaTeX Font Info:    Overwriting symbol font `symbols' in version `normal'
(Font)                  OMS/cmsy/m/n --> LMS/ntxsy/m/n on input line 568.
LaTeX Font Info:    Encoding `OMS' has changed to `LMS' for symbol font
(Font)              `symbols' in the math version `bold' on input line 568.
LaTeX Font Info:    Overwriting symbol font `symbols' in version `bold'
(Font)                  OMS/cmsy/b/n --> LMS/ntxsy/m/n on input line 568.
LaTeX Font Info:    Overwriting symbol font `symbols' in version `bold'
(Font)                  LMS/ntxsy/m/n --> LMS/ntxsy/b/n on input line 569.
\symAMSm=\mathgroup7
LaTeX Font Info:    Overwriting symbol font `AMSm' in version `bold'
(Font)                  U/ntxsym/m/n --> U/ntxsym/b/n on input line 594.
\symsymbolsC=\mathgroup8
LaTeX Font Info:    Overwriting symbol font `symbolsC' in version `bold'
(Font)                  U/ntxsyc/m/n --> U/ntxsyc/b/n on input line 615.
LaTeX Font Info:    Redeclaring symbol font `largesymbols' on input line 628.
LaTeX Font Info:    Encoding `OMX' has changed to `LMX' for symbol font
(Font)              `largesymbols' in the math version `normal' on input line 6
28.
LaTeX Font Info:    Overwriting symbol font `largesymbols' in version `normal'
(Font)                  OMX/cmex/m/n --> LMX/ntxexx/m/n on input line 628.
LaTeX Font Info:    Encoding `OMX' has changed to `LMX' for symbol font
(Font)              `largesymbols' in the math version `bold' on input line 628
.
LaTeX Font Info:    Overwriting symbol font `largesymbols' in version `bold'
(Font)                  OMX/cmex/m/n --> LMX/ntxexx/m/n on input line 628.
LaTeX Font Info:    Overwriting symbol font `largesymbols' in version `bold'
(Font)                  LMX/ntxexx/m/n --> LMX/ntxexx/b/n on input line 629.
\symlargesymbolsTXA=\mathgroup9
LaTeX Font Info:    Overwriting symbol font `largesymbolsTXA' in version `bold'

(Font)                  U/ntxexa/m/n --> U/ntxexa/b/n on input line 643.
\tx@sbptoks=\toks27
LaTeX Font Info:    Redeclaring math delimiter \lfloor on input line 866.
LaTeX Font Info:    Redeclaring math delimiter \rfloor on input line 867.
LaTeX Font Info:    Redeclaring math delimiter \lceil on input line 868.
LaTeX Font Info:    Redeclaring math delimiter \rceil on input line 869.
LaTeX Font Info:    Redeclaring math delimiter \lbrace on input line 870.
LaTeX Font Info:    Redeclaring math delimiter \rbrace on input line 871.
LaTeX Font Info:    Redeclaring math delimiter \langle on input line 872.
LaTeX Font Info:    Redeclaring math delimiter \rangle on input line 874.
LaTeX Font Info:    Redeclaring math delimiter \arrowvert on input line 878.
LaTeX Font Info:    Redeclaring math delimiter \vert on input line 879.
LaTeX Font Info:    Redeclaring math accent \dot on input line 950.
LaTeX Font Info:    Redeclaring math accent \ddot on input line 951.
LaTeX Font Info:    Redeclaring math accent \vec on input line 2020.
LaTeX Info: Redefining \Bbbk on input line 2810.
LaTeX Info: Redefining \not on input line 2959.
) (c:/texlive/2021/texmf-dist/tex/latex/mathalpha/mathalfa.sty)
(c:/texlive/2021/texmf-dist/tex/latex/mathalpha/mathalpha.sty
Package: mathalpha 2021/11/18 - 1.143mathalpha (License LPPL) Michael Sharpe

`mathalpha' v1.143, 2021/11/18, a renaming of mathalfa (msharpe))
(c:/texlive/2021/texmf-dist/tex/latex/base/fontenc.sty
Package: fontenc 2021/04/29 v2.0v Standard LaTeX package
LaTeX Font Info:    Trying to load font information for T1+lmr on input line 11
2.

(c:/texlive/2021/texmf-dist/tex/latex/lm/t1lmr.fd
File: t1lmr.fd 2015/05/01 v1.6.1 Font defs for Latin Modern
))
(c:/texlive/2021/texmf-dist/tex/latex/minted/minted.sty
Package: minted 2021/12/24 v2.6 Yet another Pygments shim for LaTeX

(c:/texlive/2021/texmf-dist/tex/latex/kvoptions/kvoptions.sty
Package: kvoptions 2020-10-07 v3.14 Key value format for package options (HO)

(c:/texlive/2021/texmf-dist/tex/generic/ltxcmds/ltxcmds.sty
Package: ltxcmds 2020-05-10 v1.25 LaTeX kernel commands for general use (HO)
)
(c:/texlive/2021/texmf-dist/tex/generic/kvsetkeys/kvsetkeys.sty
Package: kvsetkeys 2019/12/15 v1.18 Key value parser (HO)
))
(c:/texlive/2021/texmf-dist/tex/latex/fvextra/fvextra.sty
Package: fvextra 2019/02/04 v1.4 fvextra - extensions and patches for fancyvrb

(c:/texlive/2021/texmf-dist/tex/latex/fancyvrb/fancyvrb.sty
Package: fancyvrb 2021/12/21 4.1b verbatim text (tvz,hv)
\FV@CodeLineNo=\count276
\FV@InFile=\read3
\FV@TabBox=\box52
\c@FancyVerbLine=\count277
\FV@StepNumber=\count278
\FV@OutFile=\write3
)
(c:/texlive/2021/texmf-dist/tex/latex/upquote/upquote.sty
Package: upquote 2012/04/19 v1.3 upright-quote and grave-accent glyphs in verba
tim
)
(c:/texlive/2021/texmf-dist/tex/latex/lineno/lineno.sty
Package: lineno 2005/11/02 line numbers on paragraphs v4.41
Invalid UTF-8 byte or sequence at line 296 replaced by U+FFFD.
\linenopenalty=\count279
\output=\toks28
\linenoprevgraf=\count280
\linenumbersep=\dimen163
\linenumberwidth=\dimen164
\c@linenumber=\count281
\c@pagewiselinenumber=\count282
\c@LN@truepage=\count283
\c@internallinenumber=\count284
\c@internallinenumbers=\count285
\quotelinenumbersep=\dimen165
\bframerule=\dimen166
\bframesep=\dimen167
\bframebox=\box53
LaTeX Info: Redefining \\ on input line 3056.
)
\c@FV@TrueTabGroupLevel=\count286
\c@FV@TrueTabCounter=\count287
\FV@TabBox@Group=\box54
\FV@TmpLength=\skip52
\c@FV@HighlightLinesStart=\count288
\c@FV@HighlightLinesStop=\count289
\FV@LoopCount=\count290
\FV@NCharsBox=\box55
\FV@BreakIndent=\dimen168
\FV@BreakIndentNChars=\count291
\FV@BreakSymbolSepLeft=\dimen169
\FV@BreakSymbolSepLeftNChars=\count292
\FV@BreakSymbolSepRight=\dimen170
\FV@BreakSymbolSepRightNChars=\count293
\FV@BreakSymbolIndentLeft=\dimen171
\FV@BreakSymbolIndentLeftNChars=\count294
\FV@BreakSymbolIndentRight=\dimen172
\FV@BreakSymbolIndentRightNChars=\count295
\c@FancyVerbLineBreakLast=\count296
\FV@LineBox=\box56
\FV@LineIndentBox=\box57
\FV@LineWidth=\dimen173
)
(c:/texlive/2021/texmf-dist/tex/latex/tools/calc.sty
Package: calc 2017/05/25 v4.3 Infix arithmetic (KKT,FJ)
\calc@Acount=\count297
\calc@Bcount=\count298
\calc@Adimen=\dimen174
\calc@Bdimen=\dimen175
\calc@Askip=\skip53
\calc@Bskip=\skip54
LaTeX Info: Redefining \setlength on input line 80.
LaTeX Info: Redefining \addtolength on input line 81.
\calc@Ccount=\count299
\calc@Cskip=\skip55
)
(c:/texlive/2021/texmf-dist/tex/latex/tools/shellesc.sty
Package: shellesc 2019/11/08 v1.0c unified shell escape interface for LaTeX
Package shellesc Info: Unrestricted shell escape enabled on input line 75.
)
(c:/texlive/2021/texmf-dist/tex/latex/ifplatform/ifplatform.sty
Package: ifplatform 2017/10/13 v0.4a Testing for the operating system

(c:/texlive/2021/texmf-dist/tex/generic/pdftexcmds/pdftexcmds.sty
Package: pdftexcmds 2020-06-27 v0.33 Utility functions of pdfTeX for LuaTeX (HO
)

(c:/texlive/2021/texmf-dist/tex/generic/infwarerr/infwarerr.sty
Package: infwarerr 2019/12/03 v1.5 Providing info/warning/error messages (HO)
)
Package pdftexcmds Info: \pdf@primitive is available.
Package pdftexcmds Info: \pdf@ifprimitive is available.
Package pdftexcmds Info: \pdfdraftmode not found.
)
(c:/texlive/2021/texmf-dist/tex/generic/catchfile/catchfile.sty
Package: catchfile 2019/12/09 v1.8 Catch the contents of a file (HO)

(c:/texlive/2021/texmf-dist/tex/generic/etexcmds/etexcmds.sty
Package: etexcmds 2019/12/15 v1.7 Avoid name clashes with e-TeX commands (HO)
)))
(c:/texlive/2021/texmf-dist/tex/generic/xstring/xstring.sty
(c:/texlive/2021/texmf-dist/tex/generic/xstring/xstring.tex
\integerpart=\count300
\decimalpart=\count301
)
Package: xstring 2021/07/21 v1.84 String manipulations (CT)
)
(c:/texlive/2021/texmf-dist/tex/latex/framed/framed.sty
Package: framed 2011/10/22 v 0.96: framed or shaded text with page breaks
\OuterFrameSep=\skip56
\fb@frw=\dimen176
\fb@frh=\dimen177
\FrameRule=\dimen178
\FrameSep=\dimen179
)
(c:/texlive/2021/texmf-dist/tex/latex/float/float.sty
Package: float 2001/11/08 v1.3d Float enhancements (AL)
\c@float@type=\count302
\float@exts=\toks29
\float@box=\box58
\@float@everytoks=\toks30
\@floatcapt=\box59
)
\minted@appexistsfile=\read4
\minted@bgbox=\box60
\minted@code=\write4
\c@minted@FancyVerbLineTemp=\count303
\c@minted@pygmentizecounter=\count304
\@float@every@listing=\toks31
\c@listing=\count305
)
runsystem(if not exist _minted-main mkdir _minted-main)...executed.


(c:/texlive/2021/texmf-dist/tex/latex/listings/listings.sty
\lst@mode=\count306
\lst@gtempboxa=\box61
\lst@token=\toks32
\lst@length=\count307
\lst@currlwidth=\dimen180
\lst@column=\count308
\lst@pos=\count309
\lst@lostspace=\dimen181
\lst@width=\dimen182
\lst@newlines=\count310
\lst@lineno=\count311
\lst@maxwidth=\dimen183

(c:/texlive/2021/texmf-dist/tex/latex/listings/lstmisc.sty
File: lstmisc.sty 2020/03/24 1.8d (Carsten Heinz)
\c@lstnumber=\count312
\lst@skipnumbers=\count313
\lst@framebox=\box62
)
(c:/texlive/2021/texmf-dist/tex/latex/listings/listings.cfg
File: listings.cfg 2020/03/24 1.8d listings configuration
))
Package: listings 2020/03/24 1.8d (Carsten Heinz)

(c:/texlive/2021/texmf-dist/tex/latex/graphics/color.sty
Package: color 2021/12/07 v1.3c Standard LaTeX Color (DPC)

(c:/texlive/2021/texmf-dist/tex/latex/graphics-cfg/color.cfg
File: color.cfg 2016/01/02 v1.6 sample color configuration
)
Package color Info: Driver file: xetex.def on input line 149.
)
(c:/texlive/2021/texmf-dist/tex/latex/setspace/setspace.sty
Package: setspace 2011/12/19 v6.7a set line spacing
)
(c:/texlive/2021/texmf-dist/tex/latex/titlesec/titlesec.sty
Package: titlesec 2021/07/05 v2.14 Sectioning titles
\ttl@box=\box63
\beforetitleunit=\skip57
\aftertitleunit=\skip58
\ttl@plus=\dimen184
\ttl@minus=\dimen185
\ttl@toksa=\toks33
\titlewidth=\dimen186
\titlewidthlast=\dimen187
\titlewidthfirst=\dimen188
)
(c:/texlive/2021/texmf-dist/tex/latex/fancyhdr/fancyhdr.sty
Package: fancyhdr 2021/01/28 v4.0.1 Extensive control of page headers and foote
rs
\f@nch@headwidth=\skip59
\f@nch@O@elh=\skip60
\f@nch@O@erh=\skip61
\f@nch@O@olh=\skip62
\f@nch@O@orh=\skip63
\f@nch@O@elf=\skip64
\f@nch@O@erf=\skip65
\f@nch@O@olf=\skip66
\f@nch@O@orf=\skip67
)
(c:/texlive/2021/texmf-dist/tex/latex/mdframed/mdframed.sty
Package: mdframed 2013/07/01 1.9b: mdframed

(c:/texlive/2021/texmf-dist/tex/latex/l3packages/xparse/xparse.sty
(c:/texlive/2021/texmf-dist/tex/latex/l3kernel/expl3.sty
Package: expl3 2022-02-24 L3 programming layer (loader) 

(c:/texlive/2021/texmf-dist/tex/latex/l3backend/l3backend-xetex.def
File: l3backend-xetex.def 2022-02-07 L3 backend support: XeTeX

(|extractbb --version)
\c__kernel_sys_dvipdfmx_version_int=\count314
\l__color_backend_stack_int=\count315
\g__color_backend_stack_int=\count316
\g__graphics_track_int=\count317
\l__pdf_internal_box=\box64
\g__pdf_backend_object_int=\count318
\g__pdf_backend_annotation_int=\count319
\g__pdf_backend_link_int=\count320
))
Package: xparse 2022-01-12 L3 Experimental document command parser
)
(c:/texlive/2021/texmf-dist/tex/latex/zref/zref-abspage.sty
Package: zref-abspage 2020-07-03 v2.32 Module abspage for zref (HO)

(c:/texlive/2021/texmf-dist/tex/latex/zref/zref-base.sty
Package: zref-base 2020-07-03 v2.32 Module base for zref (HO)

(c:/texlive/2021/texmf-dist/tex/generic/kvdefinekeys/kvdefinekeys.sty
Package: kvdefinekeys 2019-12-19 v1.6 Define keys (HO)
)
(c:/texlive/2021/texmf-dist/tex/latex/auxhook/auxhook.sty
Package: auxhook 2019-12-17 v1.6 Hooks for auxiliary files (HO)
)
Package zref Info: New property list: main on input line 764.
Package zref Info: New property: default on input line 765.
Package zref Info: New property: page on input line 766.
)
(c:/texlive/2021/texmf-dist/tex/latex/base/atbegshi-ltx.sty
Package: atbegshi-ltx 2021/01/10 v1.0c Emulation of the original atbegshi
package with kernel methods
)
\c@abspage=\count321
Package zref Info: New property: abspage on input line 66.
)
(c:/texlive/2021/texmf-dist/tex/latex/needspace/needspace.sty
Package: needspace 2010/09/12 v1.3d reserve vertical space
)
\mdf@templength=\skip68
\c@mdf@globalstyle@cnt=\count322
\mdf@skipabove@length=\skip69
\mdf@skipbelow@length=\skip70
\mdf@leftmargin@length=\skip71
\mdf@rightmargin@length=\skip72
\mdf@innerleftmargin@length=\skip73
\mdf@innerrightmargin@length=\skip74
\mdf@innertopmargin@length=\skip75
\mdf@innerbottommargin@length=\skip76
\mdf@splittopskip@length=\skip77
\mdf@splitbottomskip@length=\skip78
\mdf@outermargin@length=\skip79
\mdf@innermargin@length=\skip80
\mdf@linewidth@length=\skip81
\mdf@innerlinewidth@length=\skip82
\mdf@middlelinewidth@length=\skip83
\mdf@outerlinewidth@length=\skip84
\mdf@roundcorner@length=\skip85
\mdf@footenotedistance@length=\skip86
\mdf@userdefinedwidth@length=\skip87
\mdf@needspace@length=\skip88
\mdf@frametitleaboveskip@length=\skip89
\mdf@frametitlebelowskip@length=\skip90
\mdf@frametitlerulewidth@length=\skip91
\mdf@frametitleleftmargin@length=\skip92
\mdf@frametitlerightmargin@length=\skip93
\mdf@shadowsize@length=\skip94
\mdf@extratopheight@length=\skip95
\mdf@subtitleabovelinewidth@length=\skip96
\mdf@subtitlebelowlinewidth@length=\skip97
\mdf@subtitleaboveskip@length=\skip98
\mdf@subtitlebelowskip@length=\skip99
\mdf@subtitleinneraboveskip@length=\skip100
\mdf@subtitleinnerbelowskip@length=\skip101
\mdf@subsubtitleabovelinewidth@length=\skip102
\mdf@subsubtitlebelowlinewidth@length=\skip103
\mdf@subsubtitleaboveskip@length=\skip104
\mdf@subsubtitlebelowskip@length=\skip105
\mdf@subsubtitleinneraboveskip@length=\skip106
\mdf@subsubtitleinnerbelowskip@length=\skip107

(c:/texlive/2021/texmf-dist/tex/latex/mdframed/md-frame-0.mdf
File: md-frame-0.mdf 2013/07/01\ 1.9b: md-frame-0
)
\mdf@frametitlebox=\box65
\mdf@footnotebox=\box66
\mdf@splitbox@one=\box67
\mdf@splitbox@two=\box68
\mdf@splitbox@save=\box69
\mdfsplitboxwidth=\skip108
\mdfsplitboxtotalwidth=\skip109
\mdfsplitboxheight=\skip110
\mdfsplitboxdepth=\skip111
\mdfsplitboxtotalheight=\skip112
\mdfframetitleboxwidth=\skip113
\mdfframetitleboxtotalwidth=\skip114
\mdfframetitleboxheight=\skip115
\mdfframetitleboxdepth=\skip116
\mdfframetitleboxtotalheight=\skip117
\mdffootnoteboxwidth=\skip118
\mdffootnoteboxtotalwidth=\skip119
\mdffootnoteboxheight=\skip120
\mdffootnoteboxdepth=\skip121
\mdffootnoteboxtotalheight=\skip122
\mdftotallinewidth=\skip123
\mdfboundingboxwidth=\skip124
\mdfboundingboxtotalwidth=\skip125
\mdfboundingboxheight=\skip126
\mdfboundingboxdepth=\skip127
\mdfboundingboxtotalheight=\skip128
\mdf@freevspace@length=\skip129
\mdf@horizontalwidthofbox@length=\skip130
\mdf@verticalmarginwhole@length=\skip131
\mdf@horizontalspaceofbox=\skip132
\mdfsubtitleheight=\skip133
\mdfsubsubtitleheight=\skip134
\c@mdfcountframes=\count323

****** mdframed patching \endmdf@trivlist

****** -- success******

\mdf@envdepth=\count324
\c@mdf@env@i=\count325
\c@mdf@env@ii=\count326
\c@mdf@zref@counter=\count327
Package zref Info: New property: mdf@pagevalue on input line 895.
)
(c:/texlive/2021/texmf-dist/tex/latex/tools/multicol.sty
Package: multicol 2021/10/28 v1.9b multicolumn formatting (FMi)
\c@tracingmulticols=\count328
\mult@box=\box70
\multicol@leftmargin=\dimen189
\c@unbalance=\count329
\c@collectmore=\count330
\doublecol@number=\count331
\multicoltolerance=\count332
\multicolpretolerance=\count333
\full@width=\dimen190
\page@free=\dimen191
\premulticols=\dimen192
\postmulticols=\dimen193
\multicolsep=\skip135
\multicolbaselineskip=\skip136
\partial@page=\box71
\last@line=\box72
\maxbalancingoverflow=\dimen194
\mult@rightbox=\box73
\mult@grightbox=\box74
\mult@firstbox=\box75
\mult@gfirstbox=\box76
\@tempa=\box77
\@tempa=\box78
\@tempa=\box79
\@tempa=\box80
\@tempa=\box81
\@tempa=\box82
\@tempa=\box83
\@tempa=\box84
\@tempa=\box85
\@tempa=\box86
\@tempa=\box87
\@tempa=\box88
\@tempa=\box89
\@tempa=\box90
\@tempa=\box91
\@tempa=\box92
\@tempa=\box93
\@tempa=\box94
\@tempa=\box95
\@tempa=\box96
\@tempa=\box97
\@tempa=\box98
\@tempa=\box99
\@tempa=\box100
\@tempa=\box101
\@tempa=\box102
\@tempa=\box103
\@tempa=\box104
\@tempa=\box105
\@tempa=\box106
\@tempa=\box107
\@tempa=\box108
\@tempa=\box109
\@tempa=\box110
\@tempa=\box111
\@tempa=\box112
\c@minrows=\count334
\c@columnbadness=\count335
\c@finalcolumnbadness=\count336
\last@try=\dimen195
\multicolovershoot=\dimen196
\multicolundershoot=\dimen197
\mult@nat@firstbox=\box113
\colbreak@box=\box114
\mc@col@check@num=\count337
)
(c:/texlive/2021/texmf-dist/tex/xelatex/ucharclasses/ucharclasses.sty
Package: ucharclasses 2022/03/01 v2.5.0 Unicode block character classes for XeL
aTeX
\AegeanNumbersClass=\XeTeXcharclass1
\AlphabeticPresentationFormsClass=\XeTeXcharclass2
\AncientGreekMusicalNotationClass=\XeTeXcharclass3
\AncientGreekNumbersClass=\XeTeXcharclass4
\AncientSymbolsClass=\XeTeXcharclass5
\ArabicClass=\XeTeXcharclass6
\ArabicPresentationFormsAClass=\XeTeXcharclass7
\ArabicPresentationFormsBClass=\XeTeXcharclass8
\ArabicSupplementClass=\XeTeXcharclass9
\ArmenianClass=\XeTeXcharclass10
\ArrowsClass=\XeTeXcharclass11
\BalineseClass=\XeTeXcharclass12
\BasicLatinClass=\XeTeXcharclass13
\BengaliClass=\XeTeXcharclass14
\BlockElementsClass=\XeTeXcharclass15
\BopomofoClass=\XeTeXcharclass16
\BopomofoExtendedClass=\XeTeXcharclass17
\BoxDrawingClass=\XeTeXcharclass18
\BraillePatternsClass=\XeTeXcharclass19
\BugineseClass=\XeTeXcharclass20
\BuhidClass=\XeTeXcharclass21
\ByzantineMusicalSymbolsClass=\XeTeXcharclass22
\ChamClass=\XeTeXcharclass23
\CherokeeClass=\XeTeXcharclass24
\CJKCompatibilityClass=\XeTeXcharclass25
\CJKCompatibilityFormsClass=\XeTeXcharclass26
\CJKCompatibilityIdeographsClass=\XeTeXcharclass27
\CJKCompatibilityIdeographsSupplementClass=\XeTeXcharclass28
\CJKRadicalsSupplementClass=\XeTeXcharclass29
\CJKStrokesClass=\XeTeXcharclass30
\CJKSymbolsAndPunctuationClass=\XeTeXcharclass31
\CJKUnifiedIdeographsClass=\XeTeXcharclass32
\CJKUnifiedIdeographsExtensionAClass=\XeTeXcharclass33
\CJKUnifiedIdeographsExtensionBClass=\XeTeXcharclass34
\CombiningDiacriticalMarksClass=\XeTeXcharclass35
\CombiningDiacriticalMarksForSymbolsClass=\XeTeXcharclass36
\CombiningDiacriticalMarksSupplementClass=\XeTeXcharclass37
\CombiningHalfMarksClass=\XeTeXcharclass38
\ControlPicturesClass=\XeTeXcharclass39
\CopticClass=\XeTeXcharclass40
\CountingRodNumeralsClass=\XeTeXcharclass41
\CuneiformClass=\XeTeXcharclass42
\CuneiformNumbersAndPunctuationClass=\XeTeXcharclass43
\CurrencySymbolsClass=\XeTeXcharclass44
\CypriotSyllabaryClass=\XeTeXcharclass45
\CyrillicClass=\XeTeXcharclass46
\CyrillicExtendedAClass=\XeTeXcharclass47
\CyrillicExtendedBClass=\XeTeXcharclass48
\CyrillicSupplementClass=\XeTeXcharclass49
\DeseretClass=\XeTeXcharclass50
\DevanagariDanDaClass=\XeTeXcharclass51
\DevanagariMarksClass=\XeTeXcharclass52
\DevanagariPostDanDaClass=\XeTeXcharclass53
\DevanagariPostMarksClass=\XeTeXcharclass54
\DevanagariPreMarksClass=\XeTeXcharclass55
\DingbatsClass=\XeTeXcharclass56
\DominoTilesClass=\XeTeXcharclass57
\EnclosedAlphanumericsClass=\XeTeXcharclass58
\EnclosedCJKLettersAndMonthsClass=\XeTeXcharclass59
\EthiopicClass=\XeTeXcharclass60
\EthiopicExtendedClass=\XeTeXcharclass61
\EthiopicSupplementClass=\XeTeXcharclass62
\GeneralPunctuationClass=\XeTeXcharclass63
\GeometricShapesClass=\XeTeXcharclass64
\GeorgianClass=\XeTeXcharclass65
\GeorgianSupplementClass=\XeTeXcharclass66
\GlagoliticClass=\XeTeXcharclass67
\GothicClass=\XeTeXcharclass68
\GreekAndCopticClass=\XeTeXcharclass69
\GreekExtendedClass=\XeTeXcharclass70
\GujaratiClass=\XeTeXcharclass71
\GurmukhiClass=\XeTeXcharclass72
\HalfwidthAndFullwidthFormsClass=\XeTeXcharclass73
\HangulCompatibilityJamoClass=\XeTeXcharclass74
\HangulJamoClass=\XeTeXcharclass75
\HangulSyllablesClass=\XeTeXcharclass76
\HanunooClass=\XeTeXcharclass77
\HebrewClass=\XeTeXcharclass78
\HiraganaClass=\XeTeXcharclass79
\IdeographicDescriptionCharactersClass=\XeTeXcharclass80
\IPAExtensionsClass=\XeTeXcharclass81
\KanbunClass=\XeTeXcharclass82
\KangxiRadicalsClass=\XeTeXcharclass83
\KannadaClass=\XeTeXcharclass84
\KatakanaClass=\XeTeXcharclass85
\KatakanaPhoneticExtensionsClass=\XeTeXcharclass86
\KayahLiClass=\XeTeXcharclass87
\KharoshthiClass=\XeTeXcharclass88
\KhmerClass=\XeTeXcharclass89
\KhmerSymbolsClass=\XeTeXcharclass90
\LaoClass=\XeTeXcharclass91
\LatinExtendedAdditionalClass=\XeTeXcharclass92
\LatinExtendedAClass=\XeTeXcharclass93
\LatinExtendedBClass=\XeTeXcharclass94
\LatinExtendedCClass=\XeTeXcharclass95
\LatinExtendedDClass=\XeTeXcharclass96
\LatinSupplementClass=\XeTeXcharclass97
\LepchaClass=\XeTeXcharclass98
\LetterlikeSymbolsClass=\XeTeXcharclass99
\LimbuClass=\XeTeXcharclass100
\LinearBIdeogramsClass=\XeTeXcharclass101
\LinearBSyllabaryClass=\XeTeXcharclass102
\LycianClass=\XeTeXcharclass103
\LydianClass=\XeTeXcharclass104
\MahjongTilesClass=\XeTeXcharclass105
\MalayalamClass=\XeTeXcharclass106
\MathematicalAlphanumericSymbolsClass=\XeTeXcharclass107
\MathematicalOperatorsClass=\XeTeXcharclass108
\MiscellaneousMathematicalSymbolsAClass=\XeTeXcharclass109
\MiscellaneousMathematicalSymbolsBClass=\XeTeXcharclass110
\MiscellaneousSymbolsClass=\XeTeXcharclass111
\MiscellaneousSymbolsAndArrowsClass=\XeTeXcharclass112
\MiscellaneousTechnicalClass=\XeTeXcharclass113
\ModifierToneLettersClass=\XeTeXcharclass114
\MongolianClass=\XeTeXcharclass115
\MusicalSymbolsClass=\XeTeXcharclass116
\MyanmarClass=\XeTeXcharclass117
\NewTaiLueClass=\XeTeXcharclass118
\NKoClass=\XeTeXcharclass119
\NumberFormsClass=\XeTeXcharclass120
\OghamClass=\XeTeXcharclass121
\OlChikiClass=\XeTeXcharclass122
\OldPersianClass=\XeTeXcharclass123
\OpticalCharacterRecognitionClass=\XeTeXcharclass124
\OriyaClass=\XeTeXcharclass125
\OsmanyaClass=\XeTeXcharclass126
\PhagsPaClass=\XeTeXcharclass127
\PhoenicianClass=\XeTeXcharclass128
\PhoneticExtensionsClass=\XeTeXcharclass129
\PhoneticExtensionsSupplementClass=\XeTeXcharclass130
\PrivateUseAreaClass=\XeTeXcharclass131
\RejangClass=\XeTeXcharclass132
\RunicClass=\XeTeXcharclass133
\SaurashtraClass=\XeTeXcharclass134
\ShavianClass=\XeTeXcharclass135
\SinhalaClass=\XeTeXcharclass136
\SmallFormVariantsClass=\XeTeXcharclass137
\SpacingModifierLettersClass=\XeTeXcharclass138
\SundaneseClass=\XeTeXcharclass139
\SuperscriptsAndSubscriptsClass=\XeTeXcharclass140
\SupplementalArrowsAClass=\XeTeXcharclass141
\SupplementalArrowsBClass=\XeTeXcharclass142
\SupplementalMathematicalOperatorsClass=\XeTeXcharclass143
\SupplementalPunctuationClass=\XeTeXcharclass144
\SylotiNagriClass=\XeTeXcharclass145
\SyriacClass=\XeTeXcharclass146
\TagalogClass=\XeTeXcharclass147
\TagbanwaClass=\XeTeXcharclass148
\TagsClass=\XeTeXcharclass149
\TaiLeClass=\XeTeXcharclass150
\TaiXuanJingSymbolsClass=\XeTeXcharclass151
\TamilClass=\XeTeXcharclass152
\TeluguClass=\XeTeXcharclass153
\ThaanaClass=\XeTeXcharclass154
\ThaiClass=\XeTeXcharclass155
\TibetanClass=\XeTeXcharclass156
\TifinaghClass=\XeTeXcharclass157
\UgariticClass=\XeTeXcharclass158
\UnifiedCanadianAboriginalSyllabicsClass=\XeTeXcharclass159
\VaiClass=\XeTeXcharclass160
\VerticalFormsClass=\XeTeXcharclass161
\YiRadicalsClass=\XeTeXcharclass162
\YiSyllablesClass=\XeTeXcharclass163
\YijingHexagramSymbolsClass=\XeTeXcharclass164
\AvestanClass=\XeTeXcharclass165
\BamumClass=\XeTeXcharclass166
\CJKUnifiedIdeographsExtensionCClass=\XeTeXcharclass167
\CommonIndicNumberFormsClass=\XeTeXcharclass168
\DevanagariExtendedClass=\XeTeXcharclass169
\EgyptianHieroglyphsClass=\XeTeXcharclass170
\EnclosedAlphanumericSupplementClass=\XeTeXcharclass171
\EnclosedIdeographicSupplementClass=\XeTeXcharclass172
\HangulJamoExtendedAClass=\XeTeXcharclass173
\HangulJamoExtendedBClass=\XeTeXcharclass174
\ImperialAramaicClass=\XeTeXcharclass175
\InscriptionalPahlaviClass=\XeTeXcharclass176
\InscriptionalParthianClass=\XeTeXcharclass177
\JavaneseClass=\XeTeXcharclass178
\KaithiClass=\XeTeXcharclass179
\LisuClass=\XeTeXcharclass180
\MeeteiMayekClass=\XeTeXcharclass181
\MyanmarExtendedAClass=\XeTeXcharclass182
\RumiNumeralSymbolsClass=\XeTeXcharclass183
\SamaritanClass=\XeTeXcharclass184
\TaiThamClass=\XeTeXcharclass185
\TaiVietClass=\XeTeXcharclass186
\UnifiedCanadianAboriginalSyllabicsExtendedClass=\XeTeXcharclass187
\VedicExtensionsClass=\XeTeXcharclass188
\AlchemicalSymbolsClass=\XeTeXcharclass189
\BamumSupplementClass=\XeTeXcharclass190
\BatakClass=\XeTeXcharclass191
\BrahmiClass=\XeTeXcharclass192
\CJKUnifiedIdeographsExtensionDClass=\XeTeXcharclass193
\EmoticonsClass=\XeTeXcharclass194
\EthiopicExtendedAClass=\XeTeXcharclass195
\KanaSupplementClass=\XeTeXcharclass196
\MandaicClass=\XeTeXcharclass197
\MiscellaneousSymbolsAndPictographsClass=\XeTeXcharclass198
\PlayingCardsClass=\XeTeXcharclass199
\TransportAndMapSymbolsClass=\XeTeXcharclass200
\ArabicExtendedAClass=\XeTeXcharclass201
\ArabicMathematicalAlphabeticSymbolsClass=\XeTeXcharclass202
\ChakmaClass=\XeTeXcharclass203
\MeeteiMayekExtensionsClass=\XeTeXcharclass204
\MeroiticCursiveClass=\XeTeXcharclass205
\MeroiticHieroglyphsClass=\XeTeXcharclass206
\MiaoClass=\XeTeXcharclass207
\SharadaClass=\XeTeXcharclass208
\SoraSompengClass=\XeTeXcharclass209
\SundaneseSupplementClass=\XeTeXcharclass210
\TakriClass=\XeTeXcharclass211
\BassaVahClass=\XeTeXcharclass212
\CaucasianAlbanianClass=\XeTeXcharclass213
\CombiningDiacriticalMarksExtendedClass=\XeTeXcharclass214
\CopticEpactNumbersClass=\XeTeXcharclass215
\ElbasanClass=\XeTeXcharclass216
\GeometricShapesExtendedClass=\XeTeXcharclass217
\GranthaClass=\XeTeXcharclass218
\KhojkiClass=\XeTeXcharclass219
\KhudawadiClass=\XeTeXcharclass220
\LatinExtendedEClass=\XeTeXcharclass221
\LinearAClass=\XeTeXcharclass222
\MahajaniClass=\XeTeXcharclass223
\MendeKikakuiClass=\XeTeXcharclass224
\ModiClass=\XeTeXcharclass225
\MroClass=\XeTeXcharclass226
\MyanmarExtendedBClass=\XeTeXcharclass227
\OrnamentalDingbatsClass=\XeTeXcharclass228
\PahawhHmongClass=\XeTeXcharclass229
\PauCinHauClass=\XeTeXcharclass230
\SiddhamClass=\XeTeXcharclass231
\SinhalaArchaicNumbersClass=\XeTeXcharclass232
\SupplementalArrowsCClass=\XeTeXcharclass233
\TirhutaClass=\XeTeXcharclass234
\WarangCitiClass=\XeTeXcharclass235
\CherokeeSupplementClass=\XeTeXcharclass236
\CJKUnifiedIdeographsExtensionEClass=\XeTeXcharclass237
\SupplementalSymbolsAndPictographsClass=\XeTeXcharclass238
\CyrillicExtendedCClass=\XeTeXcharclass239
\GlagoliticSupplementClass=\XeTeXcharclass240
\IdeographicSymbolsAndPunctuationClass=\XeTeXcharclass241
\MongolianSupplementClass=\XeTeXcharclass242
\CJKUnifiedIdeographsExtensionFClass=\XeTeXcharclass243
\KanaExtendedAClass=\XeTeXcharclass244
\SyriacSupplementClass=\XeTeXcharclass245
\GeorgianExtendedClass=\XeTeXcharclass246
\SmallKanaExtensionClass=\XeTeXcharclass247
\SymbolsAndPictographsExtendedAClass=\XeTeXcharclass248
\CJKUnifiedIdeographsExtensionGClass=\XeTeXcharclass249
\ArabicExtendedBClass=\XeTeXcharclass250
\EthiopicExtendedBClass=\XeTeXcharclass251
\KanaExtendedBClass=\XeTeXcharclass252
\LatinExtendedFClass=\XeTeXcharclass253
\LatinExtendedGClass=\XeTeXcharclass254
\UnifiedCanadianAboriginalSyllabicsExtendedAClass=\XeTeXcharclass255
\CarianClass=\XeTeXcharclass256
\OldItalicClass=\XeTeXcharclass257
\PhaistosDiscClass=\XeTeXcharclass258
\SupplementaryPrivateUseAreaAClass=\XeTeXcharclass259
\SupplementaryPrivateUseAreaBClass=\XeTeXcharclass260
\OldSouthArabianClass=\XeTeXcharclass261
\OldTurkicClass=\XeTeXcharclass262
\DuployanClass=\XeTeXcharclass263
\ManichaeanClass=\XeTeXcharclass264
\NabataeanClass=\XeTeXcharclass265
\OldNorthArabianClass=\XeTeXcharclass266
\OldPermicClass=\XeTeXcharclass267
\PalmyreneClass=\XeTeXcharclass268
\PsalterPahlaviClass=\XeTeXcharclass269
\ShorthandFormatControlsClass=\XeTeXcharclass270
\AhomClass=\XeTeXcharclass271
\AnatolianHieroglyphsClass=\XeTeXcharclass272
\EarlyDynasticCuneiformClass=\XeTeXcharclass273
\HatranClass=\XeTeXcharclass274
\MultaniClass=\XeTeXcharclass275
\OldHungarianClass=\XeTeXcharclass276
\SuttonSignWritingClass=\XeTeXcharclass277
\AdlamClass=\XeTeXcharclass278
\BhaiksukiClass=\XeTeXcharclass279
\MarchenClass=\XeTeXcharclass280
\NewaClass=\XeTeXcharclass281
\OsageClass=\XeTeXcharclass282
\TangutClass=\XeTeXcharclass283
\TangutComponentsClass=\XeTeXcharclass284
\MasaramGondiClass=\XeTeXcharclass285
\NushuClass=\XeTeXcharclass286
\SoyomboClass=\XeTeXcharclass287
\ZanabazarSquareClass=\XeTeXcharclass288
\ChessSymbolsClass=\XeTeXcharclass289
\DograClass=\XeTeXcharclass290
\GunjalaGondiClass=\XeTeXcharclass291
\HanifiRohingyaClass=\XeTeXcharclass292
\IndicSiyaqNumbersClass=\XeTeXcharclass293
\MakasarClass=\XeTeXcharclass294
\MayanNumeralsClass=\XeTeXcharclass295
\MedefaidrinClass=\XeTeXcharclass296
\OldSogdianClass=\XeTeXcharclass297
\SogdianClass=\XeTeXcharclass298
\EgyptianHieroglyphFormatControlsClass=\XeTeXcharclass299
\ElymaicClass=\XeTeXcharclass300
\NandinagariClass=\XeTeXcharclass301
\NyiakengPuachueHmongClass=\XeTeXcharclass302
\OttomanSiyaqNumbersClass=\XeTeXcharclass303
\TamilSupplementClass=\XeTeXcharclass304
\WanchoClass=\XeTeXcharclass305
\ChorasmianClass=\XeTeXcharclass306
\DivesAkuruClass=\XeTeXcharclass307
\KhitanSmallScriptClass=\XeTeXcharclass308
\LisuSupplementClass=\XeTeXcharclass309
\SymbolsForLegacyComputingClass=\XeTeXcharclass310
\TangutSupplementClass=\XeTeXcharclass311
\YezidiClass=\XeTeXcharclass312
\CyproMinoanClass=\XeTeXcharclass313
\OldUighurClass=\XeTeXcharclass314
\TangsaClass=\XeTeXcharclass315
\TotoClass=\XeTeXcharclass316
\VithkuqiClass=\XeTeXcharclass317
\ZnamennyMusicalNotationClass=\XeTeXcharclass318
)
(c:/texlive/2021/texmf-dist/tex/xelatex/xunicode/xunicode.sty
File: xunicode.sty 2011/09/09 v0.981 provides access to latin accents and many 
other characters in Unicode lower plane

(c:/texlive/2021/texmf-dist/tex/latex/tipa/t3enc.def
File: t3enc.def 2001/12/31 T3 encoding
LaTeX Font Info:    Trying to load font information for T1+lmss on input line 3
57.

(c:/texlive/2021/texmf-dist/tex/latex/lm/t1lmss.fd
File: t1lmss.fd 2015/05/01 v1.6.1 Font defs for Latin Modern
))
\tipaTiiicode=\count338
\tipasavetokens=\toks34
\tipachecktokens=\toks35
)
(c:/texlive/2021/texmf-dist/tex/xelatex/xltxtra/xltxtra.sty
Package: xltxtra 2018/12/31 v0.7 Improvements for the "XeLaTeX" format

(c:/texlive/2021/texmf-dist/tex/latex/fontspec/fontspec.sty
Package: fontspec 2022/01/15 v2.8a Font selection for XeLaTeX and LuaLaTeX

(c:/texlive/2021/texmf-dist/tex/latex/fontspec/fontspec-xetex.sty
Package: fontspec-xetex 2022/01/15 v2.8a Font selection for XeLaTeX and LuaLaTe
X
\l__fontspec_script_int=\count339
\l__fontspec_language_int=\count340
\l__fontspec_strnum_int=\count341
\l__fontspec_tmp_int=\count342
\l__fontspec_tmpa_int=\count343
\l__fontspec_tmpb_int=\count344
\l__fontspec_tmpc_int=\count345
\l__fontspec_em_int=\count346
\l__fontspec_emdef_int=\count347
\l__fontspec_strong_int=\count348
\l__fontspec_strongdef_int=\count349
\l__fontspec_tmpa_dim=\dimen198
\l__fontspec_tmpb_dim=\dimen199
\l__fontspec_tmpc_dim=\dimen256

(c:/texlive/2021/texmf-dist/tex/latex/base/fontenc.sty
Package: fontenc 2021/04/29 v2.0v Standard LaTeX package
)
(c:/texlive/2021/texmf-dist/tex/latex/fontspec/fontspec.cfg)))
(c:/texlive/2021/texmf-dist/tex/latex/realscripts/realscripts.sty
Package: realscripts 2016/02/13 v0.3d Access OpenType subscripts and superscrip
ts
\subsupersep=\dimen257
)
(c:/texlive/2021/texmf-dist/tex/latex/metalogo/metalogo.sty
Package: metalogo 2010/05/29 v0.12 Extended TeX logo macros
\xl@everylogo=\toks36
\xl@@everylogo=\toks37
LaTeX Info: Redefining \TeX on input line 193.
LaTeX Info: Redefining \LaTeX on input line 202.
LaTeX Info: Redefining \LaTeXe on input line 219.
)
\l__xetex_show_hyphens_wrapping_box=\box115
\l__xetex_show_hyphens_temp_box=\box116
\l__xetex_show_hyphens_final_box=\box117
\g__xetex_show_hyphens_word_box=\box118
)
(c:/texlive/2021/texmf-dist/tex/latex/geometry/geometry.sty
Package: geometry 2020/01/02 v5.9 Page Geometry

(c:/texlive/2021/texmf-dist/tex/generic/iftex/ifvtex.sty
Package: ifvtex 2019/10/25 v1.7 ifvtex legacy package. Use iftex instead.
)
\Gm@cnth=\count350
\Gm@cntv=\count351
\c@Gm@tempcnt=\count352
\Gm@bindingoffset=\dimen258
\Gm@wd@mp=\dimen259
\Gm@odd@mp=\dimen260
\Gm@even@mp=\dimen261
\Gm@layoutwidth=\dimen262
\Gm@layoutheight=\dimen263
\Gm@layouthoffset=\dimen264
\Gm@layoutvoffset=\dimen265
\Gm@dimlist=\toks38
)
(c:/texlive/2021/texmf-dist/tex/latex/pdfpages/pdfpages.sty
Package: pdfpages 2022/01/29 v0.5u Insert pages of external PDF documents (AM)

(c:/texlive/2021/texmf-dist/tex/latex/eso-pic/eso-pic.sty
Package: eso-pic 2020/10/14 v3.0a eso-pic (RN)
\ESO@tempdima=\dimen266
\ESO@tempdimb=\dimen267
)
\AM@pagewidth=\dimen268
\AM@pageheight=\dimen269
\AM@fboxrule=\dimen270

(c:/texlive/2021/texmf-dist/tex/latex/pdfpages/ppxetex.def
File: ppxetex.def 2022/01/29 v0.5u Pdfpages driver for XeTeX (AM)
)
\pdfpages@includegraphics@status=\count353
\AM@pagebox=\box119
\AM@global@opts=\toks39
\AM@pagecnt=\count354
\AM@toc@title=\toks40
\c@AM@survey=\count355
\AM@templatesizebox=\box120
)
(c:/texlive/2021/texmf-dist/tex/latex/tocloft/tocloft.sty
Package: tocloft 2017/08/31 v2.3i parameterised ToC, etc., typesetting
Package tocloft Info: The document has section divisions on input line 51.
\cftparskip=\skip137
\cftbeforetoctitleskip=\skip138
\cftaftertoctitleskip=\skip139
\cftbeforepartskip=\skip140
\cftpartnumwidth=\skip141
\cftpartindent=\skip142
\cftbeforesecskip=\skip143
\cftsecindent=\skip144
\cftsecnumwidth=\skip145
\cftbeforesubsecskip=\skip146
\cftsubsecindent=\skip147
\cftsubsecnumwidth=\skip148
\cftbeforesubsubsecskip=\skip149
\cftsubsubsecindent=\skip150
\cftsubsubsecnumwidth=\skip151
\cftbeforeparaskip=\skip152
\cftparaindent=\skip153
\cftparanumwidth=\skip154
\cftbeforesubparaskip=\skip155
\cftsubparaindent=\skip156
\cftsubparanumwidth=\skip157
\cftbeforeloftitleskip=\skip158
\cftafterloftitleskip=\skip159
\cftbeforefigskip=\skip160
\cftfigindent=\skip161
\cftfignumwidth=\skip162
\c@lofdepth=\count356
\c@lotdepth=\count357
\cftbeforelottitleskip=\skip163
\cftafterlottitleskip=\skip164
\cftbeforetabskip=\skip165
\cfttabindent=\skip166
\cfttabnumwidth=\skip167
)
(c:/texlive/2021/texmf-dist/tex/latex/hyperref/nameref.sty
Package: nameref 2021-04-02 v2.47 Cross-referencing by name of section

(c:/texlive/2021/texmf-dist/tex/latex/refcount/refcount.sty
Package: refcount 2019/12/15 v3.6 Data extraction from label references (HO)
)
(c:/texlive/2021/texmf-dist/tex/generic/gettitlestring/gettitlestring.sty
Package: gettitlestring 2019/12/15 v1.6 Cleanup title references (HO)
)
\c@section@level=\count358
LaTeX Info: Redefining \ref on input line 356.
LaTeX Info: Redefining \pageref on input line 356.
)
(c:/texlive/2021/texmf-dist/tex/latex/tools/verbatim.sty
Package: verbatim 2020-07-07 v1.5u LaTeX2e package for verbatim enhancements
\every@verbatim=\toks41
\verbatim@line=\toks42
\verbatim@in@stream=\read5
)
(c:/texlive/2021/texmf-dist/tex/latex/relsize/relsize.sty
Package: relsize 2013/03/29 ver 4.1
)
(c:/texlive/2021/texmf-dist/tex/latex/hyperref/hyperref.sty
Package: hyperref 2022-02-21 v7.00n Hypertext links for LaTeX

(c:/texlive/2021/texmf-dist/tex/generic/pdfescape/pdfescape.sty
Package: pdfescape 2019/12/09 v1.15 Implements pdfTeX's escape features (HO)
)
(c:/texlive/2021/texmf-dist/tex/latex/hycolor/hycolor.sty
Package: hycolor 2020-01-27 v1.10 Color options for hyperref/bookmark (HO)
)
(c:/texlive/2021/texmf-dist/tex/latex/letltxmacro/letltxmacro.sty
Package: letltxmacro 2019/12/03 v1.6 Let assignment for LaTeX macros (HO)
)
\@linkdim=\dimen271
\Hy@linkcounter=\count359
\Hy@pagecounter=\count360

(c:/texlive/2021/texmf-dist/tex/latex/hyperref/pd1enc.def
File: pd1enc.def 2022-02-21 v7.00n Hyperref: PDFDocEncoding definition (HO)
)
(c:/texlive/2021/texmf-dist/tex/generic/intcalc/intcalc.sty
Package: intcalc 2019/12/15 v1.3 Expandable calculations with integers (HO)
)
\Hy@SavedSpaceFactor=\count361

(c:/texlive/2021/texmf-dist/tex/latex/hyperref/puenc.def
File: puenc.def 2022-02-21 v7.00n Hyperref: PDF Unicode definition (HO)

(c:/texlive/2021/texmf-dist/tex/latex/hyperref/puenc-greekbasic.def
File: puenc-greekbasic.def 2022-02-21 v7.00n Hyperref: PDF Unicode definition (
greek block) (HO)
))
Package hyperref Info: Option `colorlinks' set `true' on input line 4018.
Package hyperref Info: Hyper figures OFF on input line 4137.
Package hyperref Info: Link nesting OFF on input line 4142.
Package hyperref Info: Hyper index ON on input line 4145.
Package hyperref Info: Plain pages OFF on input line 4152.
Package hyperref Info: Backreferencing OFF on input line 4157.
Package hyperref Info: Implicit mode ON; LaTeX internals redefined.
Package hyperref Info: Bookmarks ON on input line 4390.
\c@Hy@tempcnt=\count362

(c:/texlive/2021/texmf-dist/tex/latex/url/url.sty
\Urlmuskip=\muskip17
Package: url 2013/09/16  ver 3.4  Verb mode for urls, etc.
)
LaTeX Info: Redefining \url on input line 4749.
\XeTeXLinkMargin=\dimen272

(c:/texlive/2021/texmf-dist/tex/generic/bitset/bitset.sty
Package: bitset 2019/12/09 v1.3 Handle bit-vector datatype (HO)

(c:/texlive/2021/texmf-dist/tex/generic/bigintcalc/bigintcalc.sty
Package: bigintcalc 2019/12/15 v1.5 Expandable calculations on big integers (HO
)
))
\Fld@menulength=\count363
\Field@Width=\dimen273
\Fld@charsize=\dimen274
Package hyperref Info: Hyper figures OFF on input line 6027.
Package hyperref Info: Link nesting OFF on input line 6032.
Package hyperref Info: Hyper index ON on input line 6035.
Package hyperref Info: backreferencing OFF on input line 6042.
Package hyperref Info: Link coloring ON on input line 6045.
Package hyperref Info: Link coloring with OCG OFF on input line 6052.
Package hyperref Info: PDF/A mode OFF on input line 6057.
LaTeX Info: Redefining \ref on input line 6097.
LaTeX Info: Redefining \pageref on input line 6101.
\Hy@abspage=\count364
\c@Item=\count365
\c@Hfootnote=\count366
)
Package hyperref Info: Driver (autodetected): hxetex.

(c:/texlive/2021/texmf-dist/tex/latex/hyperref/hxetex.def
File: hxetex.def 2022-02-21 v7.00n Hyperref driver for XeTeX

(c:/texlive/2021/texmf-dist/tex/generic/stringenc/stringenc.sty
Package: stringenc 2019/11/29 v1.12 Convert strings between diff. encodings (HO
)
)
\pdfm@box=\box121
\c@Hy@AnnotLevel=\count367
\HyField@AnnotCount=\count368
\Fld@listcount=\count369
\c@bookmark@seq@number=\count370

(c:/texlive/2021/texmf-dist/tex/latex/rerunfilecheck/rerunfilecheck.sty
Package: rerunfilecheck 2019/12/05 v1.9 Rerun checks for auxiliary files (HO)

(c:/texlive/2021/texmf-dist/tex/latex/base/atveryend-ltx.sty
Package: atveryend-ltx 2020/08/19 v1.0a Emulation of the original atveryend pac
kage
with kernel methods
)
(c:/texlive/2021/texmf-dist/tex/generic/uniquecounter/uniquecounter.sty
Package: uniquecounter 2019/12/15 v1.4 Provide unlimited unique counter (HO)
)
Package uniquecounter Info: New unique counter `rerunfilecheck' on input line 2
86.
)
\Hy@SectionHShift=\skip168
)
(c:/texlive/2021/texmf-dist/tex/latex/xcolor/xcolor.sty
Package: xcolor 2021/10/31 v2.13 LaTeX color extensions (UK)

(c:/texlive/2021/texmf-dist/tex/latex/graphics-cfg/color.cfg
File: color.cfg 2016/01/02 v1.6 sample color configuration
)
Package xcolor Info: Driver file: xetex.def on input line 227.

(c:/texlive/2021/texmf-dist/tex/latex/colortbl/colortbl.sty
Package: colortbl 2020/01/04 v1.0e Color table columns (DPC)

(c:/texlive/2021/texmf-dist/tex/latex/tools/array.sty
Package: array 2021/10/04 v2.5f Tabular extension package (FMi)
\col@sep=\dimen275
\ar@mcellbox=\box122
\extrarowheight=\dimen276
\NC@list=\toks43
\extratabsurround=\skip169
\backup@length=\skip170
\ar@cellbox=\box123
)
\everycr=\toks44
\minrowclearance=\skip171
)
LaTeX Info: Redefining \color on input line 711.
\rownum=\count371
Package xcolor Info: Model `cmy' substituted by `cmy0' on input line 1352.
Package xcolor Info: Model `RGB' extended on input line 1368.
Package xcolor Info: Model `HTML' substituted by `rgb' on input line 1370.
Package xcolor Info: Model `Hsb' substituted by `hsb' on input line 1371.
Package xcolor Info: Model `tHsb' substituted by `hsb' on input line 1372.
Package xcolor Info: Model `HSB' substituted by `hsb' on input line 1373.
Package xcolor Info: Model `Gray' substituted by `gray' on input line 1374.
Package xcolor Info: Model `wave' substituted by `hsb' on input line 1375.
)
(c:/texlive/2021/texmf-dist/tex/latex/tools/tabularx.sty
Package: tabularx 2020/01/15 v2.11c `tabularx' package (DPC)
\TX@col@width=\dimen277
\TX@old@table=\dimen278
\TX@old@col=\dimen279
\TX@target=\dimen280
\TX@delta=\dimen281
\TX@cols=\count372
\TX@ftn=\toks45
)
(c:/texlive/2021/texmf-dist/tex/xelatex/xecjk/xeCJK.sty
Package: xeCJK 2021/12/12 v3.8.8 Typesetting CJK scripts with XeLaTeX

(c:/texlive/2021/texmf-dist/tex/latex/ctex/ctexhook.sty
Package: ctexhook 2021/12/12 v2.5.8 Document and package hooks (CTEX)
)
(c:/texlive/2021/texmf-dist/tex/latex/l3packages/l3keys2e/l3keys2e.sty
Package: l3keys2e 2022-01-12 LaTeX2e option processing using LaTeX3 keys
)
(c:/texlive/2021/texmf-dist/tex/latex/l3packages/xtemplate/xtemplate.sty
Package: xtemplate 2022-01-12 L3 Experimental prototype document functions
\l__xtemplate_tmp_dim=\dimen282
\l__xtemplate_tmp_int=\count373
\l__xtemplate_tmp_muskip=\muskip18
\l__xtemplate_tmp_skip=\skip172
)
\l__xeCJK_tmp_int=\count374
\l__xeCJK_tmp_box=\box124
\l__xeCJK_tmp_dim=\dimen283
\l__xeCJK_tmp_skip=\skip173
\g__xeCJK_space_factor_int=\count375
\l__xeCJK_begin_int=\count376
\l__xeCJK_end_int=\count377
\c__xeCJK_CJK_class_int=\XeTeXcharclass319
\c__xeCJK_FullLeft_class_int=\XeTeXcharclass320
\c__xeCJK_FullRight_class_int=\XeTeXcharclass321
\c__xeCJK_HalfLeft_class_int=\XeTeXcharclass322
\c__xeCJK_HalfRight_class_int=\XeTeXcharclass323
\c__xeCJK_NormalSpace_class_int=\XeTeXcharclass324
\c__xeCJK_CM_class_int=\XeTeXcharclass325
\c__xeCJK_HangulJamo_class_int=\XeTeXcharclass326
\l__xeCJK_last_skip=\skip174
\g__xeCJK_node_int=\count378
\c__xeCJK_CJK_node_dim=\dimen284
\c__xeCJK_CJK-space_node_dim=\dimen285
\c__xeCJK_default_node_dim=\dimen286
\c__xeCJK_default-space_node_dim=\dimen287
\c__xeCJK_CJK-widow_node_dim=\dimen288
\c__xeCJK_normalspace_node_dim=\dimen289
\l__xeCJK_ccglue_skip=\skip175
\l__xeCJK_ecglue_skip=\skip176
\l__xeCJK_punct_kern_skip=\skip177
\l__xeCJK_last_penalty_int=\count379
\l__xeCJK_last_bound_dim=\dimen290
\l__xeCJK_last_kern_dim=\dimen291
\l__xeCJK_widow_penalty_int=\count380

Package xtemplate Info: Declaring object type 'xeCJK/punctuation' taking 0
(xtemplate)             argument(s) on line 2337.

\l__xeCJK_fixed_punct_width_dim=\dimen292
\l__xeCJK_mixed_punct_width_dim=\dimen293
\l__xeCJK_middle_punct_width_dim=\dimen294
\l__xeCJK_fixed_margin_width_dim=\dimen295
\l__xeCJK_mixed_margin_width_dim=\dimen296
\l__xeCJK_middle_margin_width_dim=\dimen297
\l__xeCJK_bound_punct_width_dim=\dimen298
\l__xeCJK_bound_margin_width_dim=\dimen299
\l__xeCJK_margin_minimum_dim=\dimen300
\l__xeCJK_kerning_total_width_dim=\dimen301
\l__xeCJK_same_align_margin_dim=\dimen302
\l__xeCJK_different_align_margin_dim=\dimen303
\l__xeCJK_kerning_margin_width_dim=\dimen304
\l__xeCJK_kerning_margin_minimum_dim=\dimen305
\l__xeCJK_bound_dim=\dimen306
\l__xeCJK_reverse_bound_dim=\dimen307
\l__xeCJK_margin_dim=\dimen308
\l__xeCJK_minimum_bound_dim=\dimen309
\l__xeCJK_kerning_margin_dim=\dimen310
\g__xeCJK_family_int=\count381
\l__xeCJK_fam_int=\count382
\g__xeCJK_fam_allocation_int=\count383
\l__xeCJK_verb_case_int=\count384
\l__xeCJK_verb_exspace_skip=\skip178

(c:/texlive/2021/texmf-dist/tex/xelatex/xecjk/xeCJK-listings.sty
Package: xeCJK-listings 2021/12/12 v3.8.8 xeCJK patch file for listings
\l__xeCJK_listings_max_char_int=\count385
\l__xeCJK_listings_flag_int=\count386
)
(c:/texlive/2021/texmf-dist/tex/xelatex/xecjk/xeCJK.cfg
File: xeCJK.cfg 2021/12/12 v3.8.8 Configuration file for xeCJK package
))

Package fontspec Info: Could not resolve font "Microsoft YaHei/I" (it probably
(fontspec)             doesn't exist).


Package fontspec Info: Font family 'MicrosoftYaHei(0)' created for font
(fontspec)             'Microsoft YaHei' with options
(fontspec)             [Script={CJK},Scale={0.8}].
(fontspec)              
(fontspec)              This font family consists of the following NFSS
(fontspec)             series/shapes:
(fontspec)              
(fontspec)             - 'normal' (m/n) with NFSS spec.: <->s*[0.8]"Microsoft
(fontspec)             YaHei/OT:script=hani;language=dflt;"
(fontspec)             - 'small caps'  (m/sc) with NFSS spec.: 
(fontspec)             - 'bold' (b/n) with NFSS spec.: <->s*[0.8]"Microsoft
(fontspec)             YaHei/B/OT:script=hani;language=dflt;"
(fontspec)             - 'bold small caps'  (b/sc) with NFSS spec.: 
(fontspec)             - 'bold italic' (b/it) with NFSS spec.:
(fontspec)             <->s*[0.8]"Microsoft
(fontspec)             YaHei/BI/OT:script=hani;language=dflt;"
(fontspec)             - 'bold italic small caps'  (b/scit) with NFSS spec.: 


Package fontspec Info: Font family 'Cambria(0)' created for font 'Cambria'
(fontspec)             with options [Ligatures=TeX,Scale=0.925].
(fontspec)              
(fontspec)              This font family consists of the following NFSS
(fontspec)             series/shapes:
(fontspec)              
(fontspec)             - 'normal' (m/n) with NFSS spec.:
(fontspec)             <->s*[0.925]"Cambria/OT:script=latn;language=dflt;mappin
g=tex-text;"
(fontspec)             - 'small caps'  (m/sc) with NFSS spec.:
(fontspec)             <->s*[0.925]"Cambria/OT:script=latn;language=dflt;+smcp;
mapping=tex-text;"
(fontspec)             - 'bold' (b/n) with NFSS spec.:
(fontspec)             <->s*[0.925]"Cambria/B/OT:script=latn;language=dflt;mapp
ing=tex-text;"
(fontspec)             - 'bold small caps'  (b/sc) with NFSS spec.:
(fontspec)             <->s*[0.925]"Cambria/B/OT:script=latn;language=dflt;+smc
p;mapping=tex-text;"
(fontspec)             - 'italic' (m/it) with NFSS spec.:
(fontspec)             <->s*[0.925]"Cambria/I/OT:script=latn;language=dflt;mapp
ing=tex-text;"
(fontspec)             - 'italic small caps'  (m/scit) with NFSS spec.:
(fontspec)             <->s*[0.925]"Cambria/I/OT:script=latn;language=dflt;+smc
p;mapping=tex-text;"
(fontspec)             - 'bold italic' (b/it) with NFSS spec.:
(fontspec)             <->s*[0.925]"Cambria/BI/OT:script=latn;language=dflt;map
ping=tex-text;"
(fontspec)             - 'bold italic small caps'  (b/scit) with NFSS spec.:
(fontspec)             <->s*[0.925]"Cambria/BI/OT:script=latn;language=dflt;+sm
cp;mapping=tex-text;"

LaTeX Font Info:    Font shape `TU/Cambria(0)/m/n' will be
(Font)              scaled to size 9.25003pt on input line 31.

Package fontspec Info: Font family 'Consolas(0)' created for font 'Consolas'
(fontspec)             with options
(fontspec)             [WordSpace={1,0,0},HyphenChar=None,PunctuationSpace=Word
Space,Scale=0.775].
(fontspec)              
(fontspec)              This font family consists of the following NFSS
(fontspec)             series/shapes:
(fontspec)              
(fontspec)             - 'normal' (m/n) with NFSS spec.:
(fontspec)             <->s*[0.775]"Consolas/OT:script=latn;language=dflt;"
(fontspec)             - 'small caps'  (m/sc) with NFSS spec.: 
(fontspec)             and font adjustment code:
(fontspec)             \fontdimen 2\font =1\fontdimen 2\font \fontdimen 3\font
(fontspec)             =0\fontdimen 3\font \fontdimen 4\font =0\fontdimen
(fontspec)             4\font \fontdimen 7\font =0\fontdimen 2\font
(fontspec)             \tex_hyphenchar:D \font =-1\scan_stop: 
(fontspec)             - 'bold' (b/n) with NFSS spec.:
(fontspec)             <->s*[0.775]"Consolas/B/OT:script=latn;language=dflt;"
(fontspec)             - 'bold small caps'  (b/sc) with NFSS spec.: 
(fontspec)             and font adjustment code:
(fontspec)             \fontdimen 2\font =1\fontdimen 2\font \fontdimen 3\font
(fontspec)             =0\fontdimen 3\font \fontdimen 4\font =0\fontdimen
(fontspec)             4\font \fontdimen 7\font =0\fontdimen 2\font
(fontspec)             \tex_hyphenchar:D \font =-1\scan_stop: 
(fontspec)             - 'italic' (m/it) with NFSS spec.:
(fontspec)             <->s*[0.775]"Consolas/I/OT:script=latn;language=dflt;"
(fontspec)             - 'italic small caps'  (m/scit) with NFSS spec.: 
(fontspec)             and font adjustment code:
(fontspec)             \fontdimen 2\font =1\fontdimen 2\font \fontdimen 3\font
(fontspec)             =0\fontdimen 3\font \fontdimen 4\font =0\fontdimen
(fontspec)             4\font \fontdimen 7\font =0\fontdimen 2\font
(fontspec)             \tex_hyphenchar:D \font =-1\scan_stop: 
(fontspec)             - 'bold italic' (b/it) with NFSS spec.:
(fontspec)             <->s*[0.775]"Consolas/BI/OT:script=latn;language=dflt;"
(fontspec)             - 'bold italic small caps'  (b/scit) with NFSS spec.: 
(fontspec)             and font adjustment code:
(fontspec)             \fontdimen 2\font =1\fontdimen 2\font \fontdimen 3\font
(fontspec)             =0\fontdimen 3\font \fontdimen 4\font =0\fontdimen
(fontspec)             4\font \fontdimen 7\font =0\fontdimen 2\font
(fontspec)             \tex_hyphenchar:D \font =-1\scan_stop: 

runsystem(for ^%i in (pygmentize.exe pygmentize.bat pygmentize.cmd) do set > ma
in.aex <nul: /p x=^%~$PATH:i>> main.aex)...executed.

runsystem(del main.aex)...executed.


(c:/texlive/2021/texmf-dist/tex/xelatex/xecjk/xunicode-addon.sty
Package: xunicode-addon 2021/12/12 v3.8.8 addon file for xunicode
\l__xunadd_tmp_coffin=\box125
\l__xunadd_circle_coffin=\box126
\l_xunadd_slot_int=\count387
)
(c:/texlive/2021/texmf-dist/tex/xelatex/xunicode/xunicode.sty
File: xunicode.sty 2011/09/09 v0.981 provides access to latin accents and many 
other characters in Unicode lower plane

*** Reloading Xunicode for encoding 'TU' ***
) (c:/texlive/2021/texmf-dist/tex/xelatex/xecjk/xunicode-extra.def
File: xunicode-extra.def 2021/12/12 v3.8.8 extra definition for xunicode
) (./main.aux)
\openout1 = `main.aux'.

LaTeX Font Info:    Checking defaults for OML/nxlmi/m/it on input line 192.
LaTeX Font Info:    Trying to load font information for OML+nxlmi on input line
 192.
 (c:/texlive/2021/texmf-dist/tex/latex/newtx/omlnxlmi.fd
File: omlnxlmi.fd 2013/11/19 Fontinst v1.933 font definitions for OML/nxlmi.
)
LaTeX Font Info:    ... okay on input line 192.
LaTeX Font Info:    Checking defaults for OMS/cmsy/m/n on input line 192.
LaTeX Font Info:    ... okay on input line 192.
LaTeX Font Info:    Checking defaults for OT1/cmr/m/n on input line 192.
LaTeX Font Info:    ... okay on input line 192.
LaTeX Font Info:    Checking defaults for T1/cmr/m/n on input line 192.
LaTeX Font Info:    ... okay on input line 192.
LaTeX Font Info:    Checking defaults for TS1/cmr/m/n on input line 192.
LaTeX Font Info:    Trying to load font information for TS1+cmr on input line 1
92.

(c:/texlive/2021/texmf-dist/tex/latex/base/ts1cmr.fd
File: ts1cmr.fd 2019/12/16 v2.5j Standard LaTeX font definitions
)
LaTeX Font Info:    ... okay on input line 192.
LaTeX Font Info:    Checking defaults for TU/lmr/m/n on input line 192.
LaTeX Font Info:    ... okay on input line 192.
LaTeX Font Info:    Checking defaults for OMX/cmex/m/n on input line 192.
LaTeX Font Info:    ... okay on input line 192.
LaTeX Font Info:    Checking defaults for U/ntxexa/m/n on input line 192.
LaTeX Font Info:    Trying to load font information for U+ntxexa on input line 
192.

(c:/texlive/2021/texmf-dist/tex/latex/newtx/untxexa.fd
File: untxexa.fd 2012/04/16 Fontinst v1.933 font definitions for U/ntxexa.
)
LaTeX Font Info:    ... okay on input line 192.
LaTeX Font Info:    Checking defaults for LMS/ntxsy/m/n on input line 192.
LaTeX Font Info:    Trying to load font information for LMS+ntxsy on input line
 192.

(c:/texlive/2021/texmf-dist/tex/latex/newtx/lmsntxsy.fd
File: lmsntxsy.fd 2016/07/02 Fontinst v1.933 font definitions for LMS/ntxsy.
)
LaTeX Font Info:    ... okay on input line 192.
LaTeX Font Info:    Checking defaults for LMX/ntxexx/m/n on input line 192.
LaTeX Font Info:    Trying to load font information for LMX+ntxexx on input lin
e 192.

(c:/texlive/2021/texmf-dist/tex/latex/newtx/lmxntxexx.fd
File: lmxntxexx.fd 2016/07/03 Fontinst v1.933 font definitions for LMX/ntxexx.
)
LaTeX Font Info:    ... okay on input line 192.
LaTeX Font Info:    Checking defaults for T3/cmr/m/n on input line 192.
LaTeX Font Info:    Trying to load font information for T3+cmr on input line 19
2.

(c:/texlive/2021/texmf-dist/tex/latex/tipa/t3cmr.fd
File: t3cmr.fd 2001/12/31 TIPA font definitions
)
LaTeX Font Info:    ... okay on input line 192.
LaTeX Font Info:    Checking defaults for PD1/pdf/m/n on input line 192.
LaTeX Font Info:    ... okay on input line 192.
LaTeX Font Info:    Checking defaults for PU/pdf/m/n on input line 192.
LaTeX Font Info:    ... okay on input line 192.
\c@lstlisting=\count388

*geometry* driver: auto-detecting
*geometry* detected driver: xetex
*geometry* verbose mode - [ preamble ] result:
* driver: xetex
* paper: a4paper
* layout: <same size as paper>
* layoutoffset:(h,v)=(0.0pt,0.0pt)
* modes: 
* h-part:(L,W,R)=(38.41139pt, 533.48918pt, 25.6073pt)
* v-part:(T,H,B)=(48.36958pt, 796.67726pt, 0.0pt)
* \paperwidth=597.50787pt
* \paperheight=845.04684pt
* \textwidth=533.48918pt
* \textheight=796.67726pt
* \oddsidemargin=-33.8586pt
* \evensidemargin=-33.8586pt
* \topmargin=-60.9004pt
* \headheight=12.0pt
* \headsep=2.84544pt
* \topskip=10.0pt
* \footskip=30.0pt
* \marginparwidth=57.0pt
* \marginparsep=11.0pt
* \columnsep=13.0pt
* \skip\footins=9.0pt plus 4.0pt minus 2.0pt
* \hoffset=0.0pt
* \voffset=0.0pt
* \mag=1000
* \@twocolumnfalse
* \@twosidefalse
* \@mparswitchfalse
* \@reversemarginfalse
* (1in=72.27pt=25.4mm, 1cm=28.453pt)

(c:/texlive/2021/texmf-dist/tex/latex/pdflscape/pdflscape.sty
Package: pdflscape 2019/12/05 v0.12 Display of landscape pages in PDF (HO)

(c:/texlive/2021/texmf-dist/tex/latex/graphics/lscape.sty
Package: lscape 2020/05/28 v3.02 Landscape Pages (DPC)
)
Package pdflscape Info: Auto-detected driver: dvipdfm (xetex) on input line 98.

)
Package hyperref Info: Link coloring ON on input line 192.
LaTeX Info: Redefining \ref on input line 192.
LaTeX Info: Redefining \pageref on input line 192.
LaTeX Info: Redefining \nameref on input line 192.
 (./main.out)
(./main.out)
\@outlinefile=\write5
\openout5 = `main.out'.

 [1

]
LaTeX Font Info:    Font shape `TU/Cambria(0)/m/n' will be
(Font)              scaled to size 8.32503pt on input line 201.
LaTeX Font Info:    Font shape `TU/Cambria(0)/m/n' will be
(Font)              scaled to size 13.32004pt on input line 203.
LaTeX Font Info:    Font shape `TU/Cambria(0)/b/n' will be
(Font)              scaled to size 13.32004pt on input line 203.
 (./main.toc
LaTeX Font Info:    Font shape `TU/Cambria(0)/b/n' will be
(Font)              scaled to size 8.32503pt on input line 1.
LaTeX Font Info:    Trying to load font information for OT1+minlibertine on inp
ut line 1.

(c:/texlive/2021/texmf-dist/tex/latex/newtx/ot1minlibertine.fd
File: ot1minlibertine.fd 2013/10/12 v1.0
)
LaTeX Font Info:    Trying to load font information for U+msa on input line 1.

(c:/texlive/2021/texmf-dist/tex/latex/amsfonts/umsa.fd
File: umsa.fd 2013/01/14 v3.01 AMS symbols A
)
LaTeX Font Info:    Trying to load font information for U+msb on input line 1.

(c:/texlive/2021/texmf-dist/tex/latex/amsfonts/umsb.fd
File: umsb.fd 2013/01/14 v3.01 AMS symbols B
)
LaTeX Font Info:    Trying to load font information for U+ntxmia on input line 
1.

(c:/texlive/2021/texmf-dist/tex/latex/newtx/untxmia.fd
File: untxmia.fd 2018/04/14 Fontinst v1.933 font definitions for U/ntxmia.
)
LaTeX Font Info:    Trying to load font information for U+ntxsym on input line 
1.

(c:/texlive/2021/texmf-dist/tex/latex/newtx/untxsym.fd
File: untxsym.fd 2015/03/20 Fontinst v1.933 font definitions for U/ntxsym.
)
LaTeX Font Info:    Trying to load font information for U+ntxsyc on input line 
1.

(c:/texlive/2021/texmf-dist/tex/latex/newtx/untxsyc.fd
File: untxsyc.fd 2012/04/12 Fontinst v1.933 font definitions for U/ntxsyc.
)
LaTeX Font Info:    Font shape `TU/MicrosoftYaHei(0)/m/n' will be
(Font)              scaled to size 7.20003pt on input line 3.
)
\tf@toc=\write6
\openout6 = `main.toc'.

 [1]
LaTeX Font Info:    Font shape `TU/Cambria(0)/m/n' will be
(Font)              scaled to size 19.18456pt on input line 208.
LaTeX Font Info:    Font shape `TU/Cambria(0)/m/n' will be
(Font)              scaled to size 11.10004pt on input line 209.
LaTeX Font Info:    Font shape `TU/Cambria(0)/b/n' will be
(Font)              scaled to size 11.10004pt on input line 209.

(./_minted-main/xcode.pygstyle)
(./_minted-main/D2C28A7B6A91DB8C03CC5628208BFD5ED9CEFBD485783494D575C2A0A4C9C28
C.pygtex

Package fontspec Info: Could not resolve font "SimHei/BI" (it probably doesn't
(fontspec)             exist).


Package fontspec Info: Could not resolve font "SimHei/B" (it probably doesn't
(fontspec)             exist).


Package fontspec Info: Could not resolve font "SimHei/I" (it probably doesn't
(fontspec)             exist).

LaTeX Font Info:    Font shape `TU/Consolas(0)/m/n' will be
(Font)              scaled to size 7.74994pt on input line 1.

Package fontspec Info: Font family 'SimHei(0)' created for font 'SimHei' with
(fontspec)             options [Script={CJK},Scale={0.8}].
(fontspec)              
(fontspec)              This font family consists of the following NFSS
(fontspec)             series/shapes:
(fontspec)              
(fontspec)             - 'normal' (m/n) with NFSS spec.:
(fontspec)             <->s*[0.8]"SimHei/OT:script=hani;language=dflt;"
(fontspec)             - 'small caps'  (m/sc) with NFSS spec.: 


Package fontspec Info: Could not resolve font "KaiTi/BI" (it probably doesn't
(fontspec)             exist).


Package fontspec Info: Could not resolve font "KaiTi/B" (it probably doesn't
(fontspec)             exist).


Package fontspec Info: Could not resolve font "KaiTi/I" (it probably doesn't
(fontspec)             exist).


Package fontspec Info: Font family 'KaiTi(0)' created for font 'KaiTi' with
(fontspec)             options [Script={CJK},Scale={0.8}].
(fontspec)              
(fontspec)              This font family consists of the following NFSS
(fontspec)             series/shapes:
(fontspec)              
(fontspec)             - 'normal' (m/n) with NFSS spec.:
(fontspec)             <->s*[0.8]"KaiTi/OT:script=hani;language=dflt;"
(fontspec)             - 'small caps'  (m/sc) with NFSS spec.: 

)
LaTeX Font Info:    Font shape `TU/MicrosoftYaHei(0)/b/n' will be
(Font)              scaled to size 9.60004pt on input line 211.

(./_minted-main/817296DD6C9C73845E8C6D52161C038C2C2F1A5432F1F6356962B16D2D88E81
A.pygtex)
LaTeX Font Info:    Font shape `TU/MicrosoftYaHei(0)/m/n' will be
(Font)              scaled to size 8.00003pt on input line 215.

(./_minted-main/E303CAFAABDFFB64E28F64882D6BE959DD15A7D563BA70E121B4F83D840F824
E.pygtex
LaTeX Font Info:    Font shape `TU/Consolas(0)/m/n' will be
(Font)              scaled to size 5.42496pt on input line 3.
LaTeX Font Info:    Font shape `TU/Consolas(0)/m/n' will be
(Font)              scaled to size 4.65001pt on input line 3.
LaTeX Font Info:    Calculating math sizes for size <6.00006> on input line 3.
LaTeX Font Info:    Font shape `TU/Cambria(0)/m/n' will be
(Font)              scaled to size 5.55006pt on input line 3.
)
(./_minted-main/1DDE7FAAE1C2829A9306E2A32B360319DD15A7D563BA70E121B4F83D840F824
E.pygtex
LaTeX Font Info:    Font shape `TU/Consolas(0)/m/n' will be
(Font)              scaled to size 3.87497pt on input line 17.
LaTeX Font Info:    Font shape `TU/Cambria(0)/m/n' will be
(Font)              scaled to size 4.62502pt on input line 17.
)
(./_minted-main/CFE3D01F8C3ECDD84B146C1EFFCC2A8ADD15A7D563BA70E121B4F83D840F824
E.pygtex)
(./_minted-main/105BB208A8275AB03580593CEFBFE7E1DD15A7D563BA70E121B4F83D840F824
E.pygtex)
(./_minted-main/C872321E8B320CDD91034EF0BF134874DD15A7D563BA70E121B4F83D840F824
E.pygtex
LaTeX Font Info:    Font shape `TU/SimHei(0)/m/n' will be
(Font)              scaled to size 8.00003pt on input line 34.
 [2])
(./_minted-main/7A0F0B39A6FE1057553678B9FFC25681DD15A7D563BA70E121B4F83D840F824
E.pygtex [3])
(./_minted-main/7A506914314D0833972125C4F5C47CDCDD15A7D563BA70E121B4F83D840F824
E.pygtex [4])
(./_minted-main/6B890776D277D6CA5AED9521B110A460DD15A7D563BA70E121B4F83D840F824
E.pygtex)
(./_minted-main/2D82AC8FF93BEA26FDE560C7385E7570DD15A7D563BA70E121B4F83D840F824
E.pygtex)
(./_minted-main/B335375033229B16BD43E2C99BD372E0C7C95A3770A2CDD2E2F3B4084ED0CD3
C.pygtex [5])
(./_minted-main/344F663BC53AB2846F2E5089EFF14C0CDD15A7D563BA70E121B4F83D840F824
E.pygtex)
(./_minted-main/CE1486CD2FC32EBC1890F5105F9643EBDD15A7D563BA70E121B4F83D840F824
E.pygtex)
(./_minted-main/867810B0488E8157AF078973FE2256BDDD15A7D563BA70E121B4F83D840F824
E.pygtex)
(./_minted-main/E5B12561DBD3ED7BAFB144BC2803431BDD15A7D563BA70E121B4F83D840F824
E.pygtex)
(./_minted-main/A9B44C80BCB88B88D3C7FC1588AB3DBBDD15A7D563BA70E121B4F83D840F824
E.pygtex)
(./_minted-main/E6ECCD015E9068034434180EDB3874EDDD15A7D563BA70E121B4F83D840F824
E.pygtex [6])
(./_minted-main/845D8F527D3E5C216249A79771C4078ADD15A7D563BA70E121B4F83D840F824
E.pygtex)
(./_minted-main/E038F539D423AA35F61F7D4A8C141750DD15A7D563BA70E121B4F83D840F824
E.pygtex)
(./_minted-main/AB7BE2C3E2AAE946D3E97DAA24C1CFD4DD15A7D563BA70E121B4F83D840F824
E.pygtex)
(./_minted-main/67D495E41B7828D49C9A7BAC54C605C3DD15A7D563BA70E121B4F83D840F824
E.pygtex)
(./_minted-main/ACCCC9B80F5EC2B5F39DF2ED81A29FCBDD15A7D563BA70E121B4F83D840F824
E.pygtex [7])
(./_minted-main/09477BB4B50361848C5377F8CC9DCD2ADD15A7D563BA70E121B4F83D840F824
E.pygtex)
(./_minted-main/01C2A1EB35EAB5FA100F35C41D592D83DD15A7D563BA70E121B4F83D840F824
E.pygtex)
LaTeX Font Info:    Font shape `TU/Cambria(0)/b/n' will be
(Font)              scaled to size 9.25003pt on input line 267.

(./_minted-main/D14191FB9658303D5B3CD0C023A46814DD15A7D563BA70E121B4F83D840F824
E.pygtex)
(./_minted-main/0A36618CB4CDDB1FC500B36F5C47F970DD15A7D563BA70E121B4F83D840F824
E.pygtex)
(./_minted-main/F7B81BDE48817A6E885584738B9CADE9DD15A7D563BA70E121B4F83D840F824
E.pygtex [8])
(./_minted-main/136D01C0AF17320B3606173A18F42E58DD15A7D563BA70E121B4F83D840F824
E.pygtex)
(./_minted-main/A02F956A6F0DECA6CBF3AE63107ED46BDD15A7D563BA70E121B4F83D840F824
E.pygtex)
(./_minted-main/FB638010F89E8BC37C77812C8B46495BDD15A7D563BA70E121B4F83D840F824
E.pygtex)
(./_minted-main/BE62C36C206D27D4165A0EABA60D5E8BDD15A7D563BA70E121B4F83D840F824
E.pygtex [9])
(./_minted-main/A6B99F2D607266AEDF213D74727C727EDD15A7D563BA70E121B4F83D840F824
E.pygtex)
(./_minted-main/77F9F40737BD58F10A1558DBF1C2B840DD15A7D563BA70E121B4F83D840F824
E.pygtex)
(./_minted-main/5E0EEDE62116FAE111E2DE78901BD907DD15A7D563BA70E121B4F83D840F824
E.pygtex)
(./_minted-main/1FD343A8D052C999BEE3C4B1359F62A6DD15A7D563BA70E121B4F83D840F824
E.pygtex [10])
(./_minted-main/BA42E042F0A84215FD64979390C23CC5DD15A7D563BA70E121B4F83D840F824
E.pygtex [11])
(./_minted-main/EB67CAA09A41AF7642EF651AA3516891DD15A7D563BA70E121B4F83D840F824
E.pygtex)
LaTeX Font Info:    Font shape `TU/Cambria(0)/m/n' will be
(Font)              scaled to size 15.98404pt on input line 299.
 [12] (./main.aux)
Package rerunfilecheck Info: File `main.out' has not changed.
(rerunfilecheck)             Checksum: 60AA9ADBA1F8AEC0E3421CF73F2B2D79;3916.
 ) 
Here is how much of TeX's memory you used:
 32407 strings out of 476180
 612176 string characters out of 5813083
 1256902 words of memory out of 5000000
 52529 multiletter control sequences out of 15000+600000
 513882 words of font info for 153 fonts, out of 8000000 for 9000
 1348 hyphenation exceptions out of 8191
 74i,11n,85p,1195b,1271s stack positions out of 5000i,500n,10000p,200000b,80000s

Output written on main.pdf (13 pages).
