\BOOKMARK [1][-]{section.1}{\376\377\000T\000o\000o\000l\000s}{}% 1
\BOOKMARK [2][-]{subsection.1.1}{\376\377\000v\000i\000m\000r\000c}{section.1}% 2
\BOOKMARK [2][-]{subsection.1.2}{\376\377\133\371\142\315}{section.1}% 3
\BOOKMARK [2][-]{subsection.1.3}{\376\377\154\350\141\017\116\213\230\171}{section.1}% 4
\BOOKMARK [1][-]{section.2}{\376\377\000D\000s}{}% 5
\BOOKMARK [2][-]{subsection.2.1}{\376\377\224\376\210\150}{section.2}% 6
\BOOKMARK [2][-]{subsection.2.2}{\376\377\124\310\136\014\210\150}{section.2}% 7
\BOOKMARK [2][-]{subsection.2.3}{\376\377\136\166\147\345\226\306}{section.2}% 8
\BOOKMARK [2][-]{subsection.2.4}{\376\377\150\021\162\266\145\160\176\304}{section.2}% 9
\BOOKMARK [2][-]{subsection.2.5}{\376\377\176\277\153\265\150\021}{section.2}% 10
\BOOKMARK [2][-]{subsection.2.6}{\376\377\217\173\221\315\224\376\122\126\122\006}{section.2}% 11
\BOOKMARK [2][-]{subsection.2.7}{\376\377\116\073\136\055\150\021}{section.2}% 12
\BOOKMARK [2][-]{subsection.2.8}{\376\377\147\116\215\205\150\021}{section.2}% 13
\BOOKMARK [2][-]{subsection.2.9}{\376\377\163\302\147\065\203\211\150\021}{section.2}% 14
\BOOKMARK [1][-]{section.3}{\376\377\000D\000p}{}% 15
\BOOKMARK [2][-]{subsection.3.1}{\376\377\145\160\117\115\000\040\000D\000P}{section.3}% 16
\BOOKMARK [2][-]{subsection.3.2}{\376\377\133\120\226\306\123\167\171\357\000/\000S\000O\000S\000\040\000D\000P}{section.3}% 17
\BOOKMARK [1][-]{section.4}{\376\377\000M\000a\000t\000h}{}% 18
\BOOKMARK [2][-]{subsection.4.1}{\376\377\176\277\140\047\154\102\220\006\121\103\116\345\123\312\176\304\124\010\145\160}{section.4}% 19
\BOOKMARK [2][-]{subsection.4.2}{\376\377\137\353\220\037\136\102}{section.4}% 20
\BOOKMARK [2][-]{subsection.4.3}{\376\377\167\351\226\065\116\130\154\325}{section.4}% 21
\BOOKMARK [2][-]{subsection.4.4}{\376\377\232\330\145\257\155\210\121\103}{section.4}% 22
\BOOKMARK [2][-]{subsection.4.5}{\376\377\215\050\145\160}{section.4}% 23
\BOOKMARK [2][-]{subsection.4.6}{\376\377\176\246\145\160}{section.4}% 24
\BOOKMARK [2][-]{subsection.4.7}{\376\377\000E\000x\000g\000c\000d}{section.4}% 25
\BOOKMARK [2][-]{subsection.4.8}{\376\377\116\055\126\375\122\151\117\131\133\232\164\006}{section.4}% 26
\BOOKMARK [1][-]{section.5}{\376\377\000G\000r\000a\000p\000h}{}% 27
\BOOKMARK [2][-]{subsection.5.1}{\376\377\000S\000P\000F\000A\000\040\116\345\123\312\215\037\163\257}{section.5}% 28
\BOOKMARK [2][-]{subsection.5.2}{\376\377\000D\000i\000j\000k\000s\000t\000r\000a}{section.5}% 29
\BOOKMARK [2][-]{subsection.5.3}{\376\377\000F\000l\000o\000y\000d\000\040\116\345\123\312\147\000\134\017\163\257}{section.5}% 30
\BOOKMARK [2][-]{subsection.5.4}{\376\377\000K\000r\000u\000s\000k\000a\000l}{section.5}% 31
\BOOKMARK [2][-]{subsection.5.5}{\376\377\120\015\130\236\000\040\000L\000C\000A}{section.5}% 32
\BOOKMARK [2][-]{subsection.5.6}{\376\377\000T\000a\000r\000j\000a\000n\000\040\000L\000C\000A}{section.5}% 33
\BOOKMARK [2][-]{subsection.5.7}{\376\377\142\323\142\121\143\222\136\217}{section.5}% 34
\BOOKMARK [2][-]{subsection.5.8}{\376\377\153\047\142\311\126\336\215\357}{section.5}% 35
\BOOKMARK [2][-]{subsection.5.9}{\376\377\137\072\217\336\220\032\122\006\221\317}{section.5}% 36
\BOOKMARK [2][-]{subsection.5.10}{\376\377\217\271\123\314\217\336\220\032\122\006\221\317}{section.5}% 37
\BOOKMARK [2][-]{subsection.5.11}{\376\377\160\271\123\314\217\336\220\032\122\006\221\317}{section.5}% 38
\BOOKMARK [2][-]{subsection.5.12}{\376\377\206\132\150\021}{section.5}% 39
\BOOKMARK [1][-]{section.6}{\376\377\000S\000t\000r\000i\000n\000g}{}% 40
\BOOKMARK [2][-]{subsection.6.1}{\376\377\000K\000m\000p}{section.6}% 41
\BOOKMARK [2][-]{subsection.6.2}{\376\377\000T\000r\000i\000e}{section.6}% 42
\BOOKMARK [2][-]{subsection.6.3}{\376\377\0000\0001\000T\000r\000i\000e}{section.6}% 43
\BOOKMARK [2][-]{subsection.6.4}{\376\377\000A\000c\000\040\000A\000u\000t\000o\000m\000a\000t\000o\000n}{section.6}% 44
